警告Lv0:ボテ.csv:第5行:同名的资源文件已经存在:ボテ_29
警告Lv0:ボテ.csv:第6行:同名的资源文件已经存在:ボテ_67
警告Lv0:ボテ.csv:第7行:同名的资源文件已经存在:ボテ_61
警告Lv0:ボテ.csv:第8行:同名的资源文件已经存在:ボテ_58
警告Lv0:ボテ.csv:第9行:同名的资源文件已经存在:ボテ_36
警告Lv0:ボテ.csv:第10行:同名的资源文件已经存在:ボテ_111
警告Lv0:ボテ.csv:第11行:同名的资源文件已经存在:ボテ_35
警告Lv0:ボテ.csv:第12行:同名的资源文件已经存在:ボテ_81
警告Lv0:ボテ.csv:第13行:同名的资源文件已经存在:ボテ_98
警告Lv0:ボテ.csv:第14行:同名的资源文件已经存在:ボテ_99
警告Lv0:ボテ.csv:第15行:同名的资源文件已经存在:ボテ_70
警告Lv0:ボテ.csv:第16行:同名的资源文件已经存在:ボテ_54
警告Lv0:ボテ.csv:第17行:同名的资源文件已经存在:ボテ_74
警告Lv0:ボテ.csv:第21行:同名的资源文件已经存在:ボテ_52
警告Lv0:ボテ.csv:第22行:同名的资源文件已经存在:ボテ_25
警告Lv0:ボテ.csv:第23行:同名的资源文件已经存在:ボテ_38
警告Lv0:ボテ.csv:第24行:同名的资源文件已经存在:ボテ_68
警告Lv0:ボテ.csv:第25行:同名的资源文件已经存在:ボテ_37
警告Lv0:ボテ.csv:第26行:同名的资源文件已经存在:ボテ_31
警告Lv0:ボテ.csv:第27行:同名的资源文件已经存在:ボテ_1
警告Lv0:ボテ.csv:第28行:同名的资源文件已经存在:ボテ_110
警告Lv0:ボテ.csv:第29行:同名的资源文件已经存在:ボテ_139
警告Lv0:ボテ.csv:第30行:同名的资源文件已经存在:ボテ_84
警告Lv0:ボテ.csv:第31行:同名的资源文件已经存在:ボテ_93
警告Lv0:ボテ.csv:第32行:同名的资源文件已经存在:ボテ_63
警告Lv0:ボテ.csv:第33行:同名的资源文件已经存在:ボテ_27
警告Lv0:ボテ.csv:第37行:同名的资源文件已经存在:ボテ_66
警告Lv0:ボテ.csv:第38行:同名的资源文件已经存在:ボテ_109
警告Lv0:ボテ.csv:第39行:同名的资源文件已经存在:ボテ_53
警告Lv0:ボテ.csv:第40行:同名的资源文件已经存在:ボテ_59
警告Lv0:ボテ.csv:第41行:同名的资源文件已经存在:ボテ_12
警告Lv0:ボテ.csv:第42行:同名的资源文件已经存在:ボテ_17
警告Lv0:ボテ.csv:第43行:同名的资源文件已经存在:ボテ_14
警告Lv0:ボテ.csv:第44行:同名的资源文件已经存在:ボテ_34
警告Lv0:ボテ.csv:第45行:同名的资源文件已经存在:ボテ_121
警告Lv0:ボテ.csv:第46行:同名的资源文件已经存在:ボテ_106
警告Lv0:ボテ.csv:第47行:同名的资源文件已经存在:ボテ_92
警告Lv0:ボテ.csv:第48行:同名的资源文件已经存在:ボテ_28
警告Lv0:ボテ.csv:第49行:同名的资源文件已经存在:ボテ_132
警告Lv0:ボテ.csv:第53行:同名的资源文件已经存在:ボテ_43
警告Lv0:ボテ.csv:第54行:同名的资源文件已经存在:ボテ_23
警告Lv0:ボテ.csv:第55行:同名的资源文件已经存在:ボテ_91
警告Lv0:ボテ.csv:第56行:同名的资源文件已经存在:ボテ_40
警告Lv0:ボテ.csv:第57行:同名的资源文件已经存在:ボテ_49
警告Lv0:ボテ.csv:第58行:同名的资源文件已经存在:ボテ_112
警告Lv0:ボテ.csv:第59行:同名的资源文件已经存在:ボテ_26
警告Lv0:ボテ.csv:第60行:同名的资源文件已经存在:ボテ_42
警告Lv0:ボテ.csv:第61行:同名的资源文件已经存在:ボテ_51
警告Lv0:ボテ.csv:第62行:同名的资源文件已经存在:ボテ_10
警告Lv0:ボテ.csv:第63行:同名的资源文件已经存在:ボテ_71
警告Lv0:ボテ.csv:第64行:同名的资源文件已经存在:ボテ_9
警告Lv0:ボテ.csv:第65行:同名的资源文件已经存在:ボテ_100
警告Lv0:ボテ.csv:第69行:同名的资源文件已经存在:ボテ_82
警告Lv0:ボテ.csv:第70行:同名的资源文件已经存在:ボテ_33
警告Lv0:ボテ.csv:第71行:同名的资源文件已经存在:ボテ_16
警告Lv0:ボテ.csv:第72行:同名的资源文件已经存在:ボテ_11
警告Lv0:ボテ.csv:第73行:同名的资源文件已经存在:ボテ_50
警告Lv0:ボテ.csv:第74行:同名的资源文件已经存在:ボテ_15
警告Lv0:ボテ.csv:第75行:同名的资源文件已经存在:ボテ_41
警告Lv0:ボテ.csv:第77行:同名的资源文件已经存在:ボテ_73
警告Lv0:ボテ.csv:第78行:同名的资源文件已经存在:ボテ_24
警告Lv0:ボテ.csv:第79行:同名的资源文件已经存在:ボテ_120
警告Lv0:ボテ.csv:第80行:同名的资源文件已经存在:ボテ_107
警告Lv0:ボテ.csv:第81行:同名的资源文件已经存在:ボテ_64
警告Lv0:kaoru_set.csv:第121行:同名的资源文件已经存在:CN04_無_表情_三角口(困り)
警告Lv0:kaoru_set.csv:第122行:同名的资源文件已经存在:CN04_無_表情_三角口(憤怒)
警告Lv0:kaoru_set.csv:第123行:同名的资源文件已经存在:CN04_無_表情_三角口(素)
警告Lv0:kaoru_set.csv:第124行:同名的资源文件已经存在:CN04_無_表情_困り(口閉じ)
警告Lv0:kaoru_set.csv:第125行:同名的资源文件已经存在:CN04_無_表情_困り(口開き)
警告Lv0:kaoru_set.csv:第126行:同名的资源文件已经存在:CN04_無_表情_憤怒(口閉じ)
警告Lv0:kaoru_set.csv:第127行:同名的资源文件已经存在:CN04_無_表情_憤怒(口閉じ)(太眉)
警告Lv0:kaoru_set.csv:第128行:同名的资源文件已经存在:CN04_無_表情_憤怒(口開き)
警告Lv0:kaoru_set.csv:第129行:同名的资源文件已经存在:CN04_無_表情_憤怒(口開き)(太眉)
警告Lv0:kaoru_set.csv:第130行:同名的资源文件已经存在:CN04_無_表情_照れ(口閉じ)
警告Lv0:kaoru_set.csv:第131行:同名的资源文件已经存在:CN04_無_表情_照れ(口開き)
警告Lv0:kaoru_set.csv:第132行:同名的资源文件已经存在:CN04_無_表情_猫口(口閉じ)
警告Lv0:kaoru_set.csv:第133行:同名的资源文件已经存在:CN04_無_表情_猫口(口開き)
警告Lv0:kaoru_set.csv:第134行:同名的资源文件已经存在:CN04_無_表情_笑い(ニッ)
警告Lv0:kaoru_set.csv:第135行:同名的资源文件已经存在:CN04_無_表情_笑い(ニッ)(太眉)
警告Lv0:kaoru_set.csv:第136行:同名的资源文件已经存在:CN04_無_表情_笑い(口閉じ)
警告Lv0:kaoru_set.csv:第137行:同名的资源文件已经存在:CN04_無_表情_笑い(口閉じ)(太眉)
警告Lv0:kaoru_set.csv:第138行:同名的资源文件已经存在:CN04_無_表情_笑い(口開き)
警告Lv0:kaoru_set.csv:第139行:同名的资源文件已经存在:CN04_無_表情_素
警告Lv0:kaoru_set.csv:第140行:同名的资源文件已经存在:CN04_無_表情_驚き
警告Lv0:kaoru_set.csv:第141行:同名的资源文件已经存在:CN05_他_装飾_もみあげ片編み(髪)
警告Lv0:kaoru_set.csv:第142行:同名的资源文件已经存在:CN05_他_装飾_もみあげ長い(髪)
警告Lv0:kaoru_set.csv:第143行:同名的资源文件已经存在:CN06_髪_前髪_お嬢様
警告Lv0:kaoru_set.csv:第144行:同名的资源文件已经存在:CN06_髪_前髪_ぱっつん
警告Lv0:kaoru_set.csv:第145行:同名的资源文件已经存在:CN06_髪_前髪_ウェーブ
警告Lv0:kaoru_set.csv:第146行:同名的资源文件已经存在:CN06_髪_前髪_クセ毛
警告Lv0:kaoru_set.csv:第147行:同名的资源文件已经存在:CN06_髪_前髪_ナチュラル
警告Lv0:kaoru_set.csv:第148行:同名的资源文件已经存在:CN06_髪_前髪_ワイルド
警告Lv0:kaoru_set.csv:第149行:同名的资源文件已经存在:CN06_髪_前髪_中分け1
警告Lv0:kaoru_set.csv:第150行:同名的资源文件已经存在:CN06_髪_前髪_中分け2
警告Lv0:kaoru_set.csv:第151行:同名的资源文件已经存在:CN06_髪_前髪_横分け
警告Lv0:kaoru_set.csv:第152行:同名的资源文件已经存在:CN06_髪_前髪_無造作
警告Lv0:kaoru_set.csv:第153行:同名的资源文件已经存在:CN06_髪_前髪_裹身毛巾
警告Lv0:kaoru_set.csv:第154行:同名的资源文件已经存在:CN07_無_表情_照れ(口閉じ)
警告Lv0:kaoru_set.csv:第155行:同名的资源文件已经存在:CN07_無_表情_照れ(口開き)
警告Lv0:kaoru_set.csv:第156行:同名的资源文件已经存在:CN08_髪_装飾_もみあげ普通(髪)
警告Lv0:kaoru_set.csv:第157行:同名的资源文件已经存在:CN08_髪_装飾_もみあげ片編み(髪)
警告Lv0:kaoru_set.csv:第158行:同名的资源文件已经存在:CN08_髪_装飾_もみあげ編み(髪)
警告Lv0:kaoru_set.csv:第159行:同名的资源文件已经存在:CN08_髪_装飾_もみあげ長い(髪)
警告Lv0:kaoru_set.csv:第160行:同名的资源文件已经存在:CN09_肌_頭部_普通な顔
警告Lv0:kaoru_set.csv:第161行:同名的资源文件已经存在:CN09_肌_頭部_青ざめた顔
警告Lv0:kaoru_set.csv:第162行:同名的资源文件已经存在:CN09_肌_頭部_黒い顔
警告Lv0:kaoru_set.csv:第163行:同名的资源文件已经存在:CN10_髪_装飾_もみあげ普通(髪)
警告Lv0:kaoru_set.csv:第164行:同名的资源文件已经存在:CN10_髪_装飾_もみあげ編み(髪)
警告Lv0:kaoru_set.csv:第165行:同名的资源文件已经存在:CN10_髪_装飾_もみあげ長い(髪)
警告Lv0:kaoru_set.csv:第166行:同名的资源文件已经存在:CN12_服_身体_ゴスロリ1
警告Lv0:kaoru_set.csv:第167行:同名的资源文件已经存在:CN12_服_身体_ゴスロリ2
警告Lv0:kaoru_set.csv:第168行:同名的资源文件已经存在:CN12_服_身体_ゴスロリ3
警告Lv0:kaoru_set.csv:第169行:同名的资源文件已经存在:CN12_服_身体_修女服1
警告Lv0:kaoru_set.csv:第170行:同名的资源文件已经存在:CN12_服_身体_修女服2
警告Lv0:kaoru_set.csv:第171行:同名的资源文件已经存在:CN12_服_身体_修女服3
警告Lv0:kaoru_set.csv:第172行:同名的资源文件已经存在:CN12_服_身体_死库水1
警告Lv0:kaoru_set.csv:第173行:同名的资源文件已经存在:CN12_服_身体_死库水2
警告Lv0:kaoru_set.csv:第174行:同名的资源文件已经存在:CN12_服_身体_死库水3
警告Lv0:kaoru_set.csv:第175行:同名的资源文件已经存在:CN12_服_身体_水手服1
警告Lv0:kaoru_set.csv:第176行:同名的资源文件已经存在:CN12_服_身体_水手服2
警告Lv0:kaoru_set.csv:第177行:同名的资源文件已经存在:CN12_服_身体_水手服3
警告Lv0:kaoru_set.csv:第178行:同名的资源文件已经存在:CN12_服_身体_灯笼裤1
警告Lv0:kaoru_set.csv:第179行:同名的资源文件已经存在:CN12_服_身体_灯笼裤2
警告Lv0:kaoru_set.csv:第180行:同名的资源文件已经存在:CN12_服_身体_灯笼裤3
警告Lv0:kaoru_set.csv:第181行:同名的资源文件已经存在:CN12_服_身体_浴衣1
警告Lv0:kaoru_set.csv:第182行:同名的资源文件已经存在:CN12_服_身体_浴衣2
警告Lv0:kaoru_set.csv:第183行:同名的资源文件已经存在:CN12_服_身体_浴衣3
警告Lv0:kaoru_set.csv:第184行:同名的资源文件已经存在:CN12_服_身体_西装上衣1
警告Lv0:kaoru_set.csv:第185行:同名的资源文件已经存在:CN12_服_身体_西装上衣2
警告Lv0:kaoru_set.csv:第186行:同名的资源文件已经存在:CN12_服_身体_西装上衣3
警告Lv0:kaoru_set.csv:第187行:同名的资源文件已经存在:CN12_服_身体_女僕服1
警告Lv0:kaoru_set.csv:第188行:同名的资源文件已经存在:CN12_服_身体_女僕服2
警告Lv0:kaoru_set.csv:第189行:同名的资源文件已经存在:CN12_服_身体_女僕服3
警告Lv0:kaoru_set.csv:第190行:同名的资源文件已经存在:CN12_服_身体_内衣1
警告Lv0:kaoru_set.csv:第191行:同名的资源文件已经存在:CN12_服_身体_内衣2
警告Lv0:kaoru_set.csv:第192行:同名的资源文件已经存在:CN12_服_身体_内衣3
警告Lv0:kaoru_set.csv:第193行:同名的资源文件已经存在:CN12_服_身体_和服1
警告Lv0:kaoru_set.csv:第194行:同名的资源文件已经存在:CN12_服_身体_和服2
警告Lv0:kaoru_set.csv:第195行:同名的资源文件已经存在:CN12_服_身体_和服3
警告Lv0:kaoru_set.csv:第196行:同名的资源文件已经存在:CN12_服_身体_妖精服1
警告Lv0:kaoru_set.csv:第197行:同名的资源文件已经存在:CN12_服_身体_妖精服2
警告Lv0:kaoru_set.csv:第198行:同名的资源文件已经存在:CN12_服_身体_妖精服3
警告Lv0:kaoru_set.csv:第199行:同名的资源文件已经存在:CN12_服_身体_河童服1
警告Lv0:kaoru_set.csv:第200行:同名的资源文件已经存在:CN12_服_身体_河童服2
警告Lv0:kaoru_set.csv:第201行:同名的资源文件已经存在:CN12_服_身体_河童服3
警告Lv0:kaoru_set.csv:第202行:同名的资源文件已经存在:CN12_服_身体_私服A1
警告Lv0:kaoru_set.csv:第203行:同名的资源文件已经存在:CN12_服_身体_私服A2
警告Lv0:kaoru_set.csv:第204行:同名的资源文件已经存在:CN12_服_身体_私服A3
警告Lv0:kaoru_set.csv:第205行:同名的资源文件已经存在:CN12_服_身体_私服B1
警告Lv0:kaoru_set.csv:第206行:同名的资源文件已经存在:CN12_服_身体_私服B2
警告Lv0:kaoru_set.csv:第207行:同名的资源文件已经存在:CN12_服_身体_私服B3
警告Lv0:kaoru_set.csv:第208行:同名的资源文件已经存在:CN12_服_身体_私服CA1
警告Lv0:kaoru_set.csv:第209行:同名的资源文件已经存在:CN12_服_身体_私服CA2
警告Lv0:kaoru_set.csv:第210行:同名的资源文件已经存在:CN12_服_身体_私服CA3
警告Lv0:kaoru_set.csv:第211行:同名的资源文件已经存在:CN12_服_身体_私服CB1
警告Lv0:kaoru_set.csv:第212行:同名的资源文件已经存在:CN12_服_身体_私服CB2
警告Lv0:kaoru_set.csv:第213行:同名的资源文件已经存在:CN12_服_身体_私服CB3
警告Lv0:kaoru_set.csv:第214行:同名的资源文件已经存在:CN12_服_身体_私服D1
警告Lv0:kaoru_set.csv:第215行:同名的资源文件已经存在:CN12_服_身体_私服D2
警告Lv0:kaoru_set.csv:第216行:同名的资源文件已经存在:CN12_服_身体_私服D3
警告Lv0:kaoru_set.csv:第217行:同名的资源文件已经存在:CN13_無_身体_ゴスロリ1
警告Lv0:kaoru_set.csv:第218行:同名的资源文件已经存在:CN13_無_身体_ゴスロリ2
警告Lv0:kaoru_set.csv:第219行:同名的资源文件已经存在:CN13_無_身体_ゴスロリ3
警告Lv0:kaoru_set.csv:第220行:同名的资源文件已经存在:CN13_無_身体_水手服1
警告Lv0:kaoru_set.csv:第221行:同名的资源文件已经存在:CN13_無_身体_水手服2
警告Lv0:kaoru_set.csv:第222行:同名的资源文件已经存在:CN13_無_身体_水手服3
警告Lv0:kaoru_set.csv:第223行:同名的资源文件已经存在:CN13_無_身体_浴衣(色固定)1
警告Lv0:kaoru_set.csv:第224行:同名的资源文件已经存在:CN13_無_身体_浴衣(色固定)2
警告Lv0:kaoru_set.csv:第225行:同名的资源文件已经存在:CN13_無_身体_浴衣(色固定)3
警告Lv0:kaoru_set.csv:第226行:同名的资源文件已经存在:CN13_無_身体_西装上衣1
警告Lv0:kaoru_set.csv:第227行:同名的资源文件已经存在:CN13_無_身体_西装上衣2
警告Lv0:kaoru_set.csv:第228行:同名的资源文件已经存在:CN13_無_身体_西装上衣3
警告Lv0:kaoru_set.csv:第229行:同名的资源文件已经存在:CN13_無_身体_女僕服1
警告Lv0:kaoru_set.csv:第230行:同名的资源文件已经存在:CN13_無_身体_女僕服2
警告Lv0:kaoru_set.csv:第231行:同名的资源文件已经存在:CN13_無_身体_女僕服3
警告Lv0:kaoru_set.csv:第232行:同名的资源文件已经存在:CN13_無_身体_和服1
警告Lv0:kaoru_set.csv:第233行:同名的资源文件已经存在:CN13_無_身体_和服2
警告Lv0:kaoru_set.csv:第234行:同名的资源文件已经存在:CN13_無_身体_和服3
警告Lv0:kaoru_set.csv:第235行:同名的资源文件已经存在:CN13_無_身体_天狗服(色固定)1
警告Lv0:kaoru_set.csv:第236行:同名的资源文件已经存在:CN13_無_身体_天狗服(色固定)2
警告Lv0:kaoru_set.csv:第237行:同名的资源文件已经存在:CN13_無_身体_天狗服(色固定)3
警告Lv0:kaoru_set.csv:第238行:同名的资源文件已经存在:CN13_無_身体_妖精服1
警告Lv0:kaoru_set.csv:第239行:同名的资源文件已经存在:CN13_無_身体_妖精服2
警告Lv0:kaoru_set.csv:第240行:同名的资源文件已经存在:CN13_無_身体_妖精服3
警告Lv0:kaoru_set.csv:第241行:同名的资源文件已经存在:CN13_無_身体_河童服(色固定)1
警告Lv0:kaoru_set.csv:第242行:同名的资源文件已经存在:CN13_無_身体_河童服(色固定)2
警告Lv0:kaoru_set.csv:第243行:同名的资源文件已经存在:CN13_無_身体_河童服(色固定)3
警告Lv0:kaoru_set.csv:第246行:同名的资源文件已经存在:CN13_無_身体_河童服1
警告Lv0:kaoru_set.csv:第247行:同名的资源文件已经存在:CN13_無_身体_河童服2
警告Lv0:kaoru_set.csv:第248行:同名的资源文件已经存在:CN13_無_身体_河童服3
警告Lv0:kaoru_set.csv:第249行:同名的资源文件已经存在:CN13_無_身体_玉兎服(色固定)1
警告Lv0:kaoru_set.csv:第250行:同名的资源文件已经存在:CN13_無_身体_玉兎服(色固定)2
警告Lv0:kaoru_set.csv:第251行:同名的资源文件已经存在:CN13_無_身体_玉兎服(色固定)3
警告Lv0:kaoru_set.csv:第252行:同名的资源文件已经存在:CN13_無_身体_白狼天狗服(色固定)1
警告Lv0:kaoru_set.csv:第253行:同名的资源文件已经存在:CN13_無_身体_白狼天狗服(色固定)2
警告Lv0:kaoru_set.csv:第254行:同名的资源文件已经存在:CN13_無_身体_白狼天狗服(色固定)3
警告Lv0:kaoru_set.csv:第255行:同名的资源文件已经存在:CN13_無_身体_私服A1
警告Lv0:kaoru_set.csv:第256行:同名的资源文件已经存在:CN13_無_身体_私服A2
警告Lv0:kaoru_set.csv:第257行:同名的资源文件已经存在:CN13_無_身体_私服A3
警告Lv0:kaoru_set.csv:第258行:同名的资源文件已经存在:CN13_無_身体_私服B1
警告Lv0:kaoru_set.csv:第259行:同名的资源文件已经存在:CN13_無_身体_私服B2
警告Lv0:kaoru_set.csv:第260行:同名的资源文件已经存在:CN13_無_身体_私服B3
警告Lv0:kaoru_set.csv:第261行:同名的资源文件已经存在:CN13_無_身体_私服CA1
警告Lv0:kaoru_set.csv:第262行:同名的资源文件已经存在:CN13_無_身体_私服CA2
警告Lv0:kaoru_set.csv:第263行:同名的资源文件已经存在:CN13_無_身体_私服CA3
警告Lv0:kaoru_set.csv:第264行:同名的资源文件已经存在:CN13_無_身体_私服CB1
警告Lv0:kaoru_set.csv:第265行:同名的资源文件已经存在:CN13_無_身体_私服CB2
警告Lv0:kaoru_set.csv:第266行:同名的资源文件已经存在:CN13_無_身体_私服CB3
警告Lv0:kaoru_set.csv:第267行:同名的资源文件已经存在:CN13_無_身体_巫女服(赤)1
警告Lv0:kaoru_set.csv:第268行:同名的资源文件已经存在:CN13_無_身体_巫女服(赤)2
警告Lv0:kaoru_set.csv:第269行:同名的资源文件已经存在:CN13_無_身体_巫女服(赤)3
警告Lv0:kaoru_set.csv:第270行:同名的资源文件已经存在:CN13_無_身体_巫女服(緑)1
警告Lv0:kaoru_set.csv:第271行:同名的资源文件已经存在:CN13_無_身体_巫女服(緑)2
警告Lv0:kaoru_set.csv:第272行:同名的资源文件已经存在:CN13_無_身体_巫女服(緑)3
警告Lv0:kaoru_set.csv:第274行:同名的资源文件已经存在:CN15_肌_身体_ゴスロリ1
警告Lv0:kaoru_set.csv:第275行:同名的资源文件已经存在:CN15_肌_身体_ゴスロリ2
警告Lv0:kaoru_set.csv:第276行:同名的资源文件已经存在:CN15_肌_身体_ゴスロリ3
警告Lv0:kaoru_set.csv:第277行:同名的资源文件已经存在:CN15_肌_身体_修女服1
警告Lv0:kaoru_set.csv:第278行:同名的资源文件已经存在:CN15_肌_身体_修女服2
警告Lv0:kaoru_set.csv:第279行:同名的资源文件已经存在:CN15_肌_身体_修女服3
警告Lv0:kaoru_set.csv:第280行:同名的资源文件已经存在:CN15_肌_身体_死库水1
警告Lv0:kaoru_set.csv:第281行:同名的资源文件已经存在:CN15_肌_身体_死库水2
警告Lv0:kaoru_set.csv:第282行:同名的资源文件已经存在:CN15_肌_身体_死库水3
警告Lv0:kaoru_set.csv:第283行:同名的资源文件已经存在:CN15_肌_身体_水手服1
警告Lv0:kaoru_set.csv:第284行:同名的资源文件已经存在:CN15_肌_身体_水手服2
警告Lv0:kaoru_set.csv:第285行:同名的资源文件已经存在:CN15_肌_身体_水手服3
警告Lv0:kaoru_set.csv:第286行:同名的资源文件已经存在:CN15_肌_身体_灯笼裤1
警告Lv0:kaoru_set.csv:第287行:同名的资源文件已经存在:CN15_肌_身体_灯笼裤2
警告Lv0:kaoru_set.csv:第288行:同名的资源文件已经存在:CN15_肌_身体_灯笼裤3
警告Lv0:kaoru_set.csv:第289行:同名的资源文件已经存在:CN15_肌_身体_浴衣(色固定)1
警告Lv0:kaoru_set.csv:第290行:同名的资源文件已经存在:CN15_肌_身体_浴衣(色固定)2
警告Lv0:kaoru_set.csv:第291行:同名的资源文件已经存在:CN15_肌_身体_浴衣(色固定)3
警告Lv0:kaoru_set.csv:第292行:同名的资源文件已经存在:CN15_肌_身体_浴衣1
警告Lv0:kaoru_set.csv:第293行:同名的资源文件已经存在:CN15_肌_身体_浴衣2
警告Lv0:kaoru_set.csv:第294行:同名的资源文件已经存在:CN15_肌_身体_浴衣3
警告Lv0:kaoru_set.csv:第295行:同名的资源文件已经存在:CN15_肌_身体_西装上衣1
警告Lv0:kaoru_set.csv:第296行:同名的资源文件已经存在:CN15_肌_身体_西装上衣2
警告Lv0:kaoru_set.csv:第297行:同名的资源文件已经存在:CN15_肌_身体_西装上衣3
警告Lv0:kaoru_set.csv:第298行:同名的资源文件已经存在:CN15_肌_身体_女僕服1
警告Lv0:kaoru_set.csv:第299行:同名的资源文件已经存在:CN15_肌_身体_女僕服2
警告Lv0:kaoru_set.csv:第300行:同名的资源文件已经存在:CN15_肌_身体_女僕服3
警告Lv0:kaoru_set.csv:第301行:同名的资源文件已经存在:CN15_肌_身体_内衣1
警告Lv0:kaoru_set.csv:第302行:同名的资源文件已经存在:CN15_肌_身体_内衣2
警告Lv0:kaoru_set.csv:第303行:同名的资源文件已经存在:CN15_肌_身体_内衣3
警告Lv0:kaoru_set.csv:第304行:同名的资源文件已经存在:CN15_肌_身体_和服1
警告Lv0:kaoru_set.csv:第305行:同名的资源文件已经存在:CN15_肌_身体_和服2
警告Lv0:kaoru_set.csv:第306行:同名的资源文件已经存在:CN15_肌_身体_和服3
警告Lv0:kaoru_set.csv:第307行:同名的资源文件已经存在:CN15_肌_身体_天狗服(色固定)1
警告Lv0:kaoru_set.csv:第308行:同名的资源文件已经存在:CN15_肌_身体_天狗服(色固定)2
警告Lv0:kaoru_set.csv:第309行:同名的资源文件已经存在:CN15_肌_身体_天狗服(色固定)3
警告Lv0:kaoru_set.csv:第310行:同名的资源文件已经存在:CN15_肌_身体_妖精服1
警告Lv0:kaoru_set.csv:第311行:同名的资源文件已经存在:CN15_肌_身体_妖精服2
警告Lv0:kaoru_set.csv:第312行:同名的资源文件已经存在:CN15_肌_身体_妖精服3
警告Lv0:kaoru_set.csv:第313行:同名的资源文件已经存在:CN15_肌_身体_河童服(色固定)1
警告Lv0:kaoru_set.csv:第314行:同名的资源文件已经存在:CN15_肌_身体_河童服(色固定)2
警告Lv0:kaoru_set.csv:第315行:同名的资源文件已经存在:CN15_肌_身体_河童服(色固定)3
警告Lv0:kaoru_set.csv:第318行:同名的资源文件已经存在:CN15_肌_身体_河童服1
警告Lv0:kaoru_set.csv:第319行:同名的资源文件已经存在:CN15_肌_身体_河童服2
警告Lv0:kaoru_set.csv:第320行:同名的资源文件已经存在:CN15_肌_身体_河童服3
警告Lv0:kaoru_set.csv:第321行:同名的资源文件已经存在:CN15_肌_身体_玉兎服(色固定)1
警告Lv0:kaoru_set.csv:第322行:同名的资源文件已经存在:CN15_肌_身体_玉兎服(色固定)2
警告Lv0:kaoru_set.csv:第323行:同名的资源文件已经存在:CN15_肌_身体_玉兎服(色固定)3
警告Lv0:kaoru_set.csv:第324行:同名的资源文件已经存在:CN15_肌_身体_白狼天狗服(色固定)1
警告Lv0:kaoru_set.csv:第325行:同名的资源文件已经存在:CN15_肌_身体_白狼天狗服(色固定)2
警告Lv0:kaoru_set.csv:第326行:同名的资源文件已经存在:CN15_肌_身体_白狼天狗服(色固定)3
警告Lv0:kaoru_set.csv:第327行:同名的资源文件已经存在:CN15_肌_身体_私服A1
警告Lv0:kaoru_set.csv:第328行:同名的资源文件已经存在:CN15_肌_身体_私服A2
警告Lv0:kaoru_set.csv:第329行:同名的资源文件已经存在:CN15_肌_身体_私服A3
警告Lv0:kaoru_set.csv:第330行:同名的资源文件已经存在:CN15_肌_身体_私服B1
警告Lv0:kaoru_set.csv:第331行:同名的资源文件已经存在:CN15_肌_身体_私服B2
警告Lv0:kaoru_set.csv:第332行:同名的资源文件已经存在:CN15_肌_身体_私服B3
警告Lv0:kaoru_set.csv:第333行:同名的资源文件已经存在:CN15_肌_身体_私服CA1
警告Lv0:kaoru_set.csv:第334行:同名的资源文件已经存在:CN15_肌_身体_私服CA2
警告Lv0:kaoru_set.csv:第335行:同名的资源文件已经存在:CN15_肌_身体_私服CA3
警告Lv0:kaoru_set.csv:第336行:同名的资源文件已经存在:CN15_肌_身体_私服CB1
警告Lv0:kaoru_set.csv:第337行:同名的资源文件已经存在:CN15_肌_身体_私服CB2
警告Lv0:kaoru_set.csv:第338行:同名的资源文件已经存在:CN15_肌_身体_私服CB3
警告Lv0:kaoru_set.csv:第339行:同名的资源文件已经存在:CN15_肌_身体_私服D1
警告Lv0:kaoru_set.csv:第340行:同名的资源文件已经存在:CN15_肌_身体_私服D2
警告Lv0:kaoru_set.csv:第341行:同名的资源文件已经存在:CN15_肌_身体_私服D3
警告Lv0:kaoru_set.csv:第342行:同名的资源文件已经存在:CN15_肌_身体_素体1
警告Lv0:kaoru_set.csv:第343行:同名的资源文件已经存在:CN15_肌_身体_素体2
警告Lv0:kaoru_set.csv:第344行:同名的资源文件已经存在:CN15_肌_身体_素体3
警告Lv0:kaoru_set.csv:第351行:同名的资源文件已经存在:CN17_髪_後髪_ウェーブショート
警告Lv0:kaoru_set.csv:第352行:同名的资源文件已经存在:CN17_髪_後髪_ウェーブセミロング
警告Lv0:kaoru_set.csv:第353行:同名的资源文件已经存在:CN17_髪_後髪_ウェーブロング
警告Lv0:kaoru_set.csv:第354行:同名的资源文件已经存在:CN17_髪_後髪_サイドテール
警告Lv0:kaoru_set.csv:第355行:同名的资源文件已经存在:CN17_髪_後髪_ショート
警告Lv0:kaoru_set.csv:第356行:同名的资源文件已经存在:CN17_髪_後髪_セミロング
警告Lv0:kaoru_set.csv:第357行:同名的资源文件已经存在:CN17_髪_後髪_ツインテール(短)
警告Lv0:kaoru_set.csv:第358行:同名的资源文件已经存在:CN17_髪_後髪_ツインテール(長)
警告Lv0:kaoru_set.csv:第359行:同名的资源文件已经存在:CN17_髪_後髪_ツインドリル
警告Lv0:kaoru_set.csv:第360行:同名的资源文件已经存在:CN17_髪_後髪_ボブカット
警告Lv0:kaoru_set.csv:第361行:同名的资源文件已经存在:CN17_髪_後髪_ポニーテール
警告Lv0:kaoru_set.csv:第362行:同名的资源文件已经存在:CN17_髪_後髪_ロング
警告Lv0:kaoru_set.csv:第363行:同名的资源文件已经存在:CN17_髪_後髪_三つ編み
警告Lv0:kaoru_set.csv:第364行:同名的资源文件已经存在:CN17_髪_後髪_無造作
警告Lv0:kaoru_set.csv:第365行:同名的资源文件已经存在:CN18_他_装飾_ZUN帽
警告Lv0:kaoru_set.csv:第366行:同名的资源文件已经存在:CN18_他_装飾_狸猫尾巴
警告Lv0:kaoru_set.csv:第368行:同名的资源文件已经存在:CN18_他_装飾_狸猫耳
警告Lv0:kaoru_set.csv:第369行:同名的资源文件已经存在:CN18_他_装飾_猫尾
警告Lv0:kaoru_set.csv:第370行:同名的资源文件已经存在:CN18_他_装飾_念珠(ポーズ2用)
警告Lv0:kaoru_set.csv:第371行:同名的资源文件已经存在:CN18_他_装飾_念珠
警告Lv0:kaoru_set.csv:第372行:同名的资源文件已经存在:CN18_他_装飾_天狗帽子
警告Lv0:kaoru_set.csv:第373行:同名的资源文件已经存在:CN18_他_装飾_妖精の羽
警告Lv0:kaoru_set.csv:第375行:同名的资源文件已经存在:CN18_他_装飾_河童帽子
警告Lv0:kaoru_set.csv:第376行:同名的资源文件已经存在:CN18_他_装飾_狸猫叶子
警告Lv0:kaoru_set.csv:第377行:同名的资源文件已经存在:CN18_他_装飾_狐尾巴
警告Lv0:kaoru_set.csv:第378行:同名的资源文件已经存在:CN18_他_装飾_狐耳
警告Lv0:kaoru_set.csv:第379行:同名的资源文件已经存在:CN18_他_装飾_王冠
警告Lv0:kaoru_set.csv:第380行:同名的资源文件已经存在:CN18_他_装飾_白い羽根
警告Lv0:kaoru_set.csv:第381行:同名的资源文件已经存在:CN18_他_装飾_白浪天狗帽子
警告Lv0:kaoru_set.csv:第382行:同名的资源文件已经存在:CN18_他_装飾_鬼の角
警告Lv0:kaoru_set.csv:第383行:同名的资源文件已经存在:CN18_他_装飾_黒い羽根
警告Lv0:kaoru_set.csv:第384行:同名的资源文件已经存在:CN18_尾_装飾_狐尾巴(尾)
警告Lv0:kaoru_set.csv:第385行:同名的资源文件已经存在:CN18_尾_装飾_獣尾巴(尾)
警告Lv0:kaoru_set.csv:第386行:同名的资源文件已经存在:CN18_服_装飾_ZUN帽(服)
警告Lv0:kaoru_set.csv:第387行:同名的资源文件已经存在:CN18_服_装飾_修女服頭巾(服)
警告Lv0:kaoru_set.csv:第388行:同名的资源文件已经存在:CN18_耳_装飾_ネコ耳(耳)
警告Lv0:kaoru_set.csv:第389行:同名的资源文件已经存在:CN18_耳_装飾_狐耳(耳)
警告Lv0:kaoru_set.csv:第390行:同名的资源文件已经存在:CN18_耳_装飾_獣耳(耳)
警告Lv0:kaoru_set.csv:第392行:同名的资源文件已经存在:CN15_肌_身体_素体(絶壁)1
警告Lv0:kaoru_set.csv:第393行:同名的资源文件已经存在:CN15_肌_身体_素体(絶壁)2
警告Lv0:kaoru_set.csv:第394行:同名的资源文件已经存在:CN15_肌_身体_素体(絶壁)3
警告Lv0:kaoru_set.csv:第395行:同名的资源文件已经存在:CN15_肌_身体_素体(並乳)1
警告Lv0:kaoru_set.csv:第396行:同名的资源文件已经存在:CN15_肌_身体_素体(並乳)2
警告Lv0:kaoru_set.csv:第397行:同名的资源文件已经存在:CN15_肌_身体_素体(並乳)3
警告Lv0:kaoru_set.csv:第398行:同名的资源文件已经存在:CN15_肌_身体_素体(巨乳)1
警告Lv0:kaoru_set.csv:第399行:同名的资源文件已经存在:CN15_肌_身体_素体(巨乳)2
警告Lv0:kaoru_set.csv:第400行:同名的资源文件已经存在:CN15_肌_身体_素体(巨乳)3
警告Lv0:kaoru_set.csv:第404行:同名的资源文件已经存在:CN15_肌_身体_巫女服(赤)1
警告Lv0:kaoru_set.csv:第405行:同名的资源文件已经存在:CN15_肌_身体_巫女服(赤)2
警告Lv0:kaoru_set.csv:第406行:同名的资源文件已经存在:CN15_肌_身体_巫女服(赤)3
警告Lv0:kaoru_set.csv:第407行:同名的资源文件已经存在:CN15_肌_身体_巫女服(緑)1
警告Lv0:kaoru_set.csv:第408行:同名的资源文件已经存在:CN15_肌_身体_巫女服(緑)2
警告Lv0:kaoru_set.csv:第409行:同名的资源文件已经存在:CN15_肌_身体_巫女服(緑)3
警告Lv0:kaoru_set_顔.csv:第121行:同名的资源文件已经存在:CN04_無_表情_三角口(困り)_顔
警告Lv0:kaoru_set_顔.csv:第122行:同名的资源文件已经存在:CN04_無_表情_三角口(憤怒)_顔
警告Lv0:kaoru_set_顔.csv:第123行:同名的资源文件已经存在:CN04_無_表情_三角口(素)_顔
警告Lv0:kaoru_set_顔.csv:第124行:同名的资源文件已经存在:CN04_無_表情_困り(口閉じ)_顔
警告Lv0:kaoru_set_顔.csv:第125行:同名的资源文件已经存在:CN04_無_表情_困り(口開き)_顔
警告Lv0:kaoru_set_顔.csv:第126行:同名的资源文件已经存在:CN04_無_表情_憤怒(口閉じ)_顔
警告Lv0:kaoru_set_顔.csv:第127行:同名的资源文件已经存在:CN04_無_表情_憤怒(口閉じ)(太眉)_顔
警告Lv0:kaoru_set_顔.csv:第128行:同名的资源文件已经存在:CN04_無_表情_憤怒(口開き)_顔
警告Lv0:kaoru_set_顔.csv:第129行:同名的资源文件已经存在:CN04_無_表情_憤怒(口開き)(太眉)_顔
警告Lv0:kaoru_set_顔.csv:第130行:同名的资源文件已经存在:CN04_無_表情_照れ(口閉じ)_顔
警告Lv0:kaoru_set_顔.csv:第131行:同名的资源文件已经存在:CN04_無_表情_照れ(口開き)_顔
警告Lv0:kaoru_set_顔.csv:第132行:同名的资源文件已经存在:CN04_無_表情_猫口(口閉じ)_顔
警告Lv0:kaoru_set_顔.csv:第133行:同名的资源文件已经存在:CN04_無_表情_猫口(口開き)_顔
警告Lv0:kaoru_set_顔.csv:第134行:同名的资源文件已经存在:CN04_無_表情_笑い(ニッ)_顔
警告Lv0:kaoru_set_顔.csv:第135行:同名的资源文件已经存在:CN04_無_表情_笑い(ニッ)(太眉)_顔
警告Lv0:kaoru_set_顔.csv:第136行:同名的资源文件已经存在:CN04_無_表情_笑い(口閉じ)_顔
警告Lv0:kaoru_set_顔.csv:第137行:同名的资源文件已经存在:CN04_無_表情_笑い(口閉じ)(太眉)_顔
警告Lv0:kaoru_set_顔.csv:第138行:同名的资源文件已经存在:CN04_無_表情_笑い(口開き)_顔
警告Lv0:kaoru_set_顔.csv:第139行:同名的资源文件已经存在:CN04_無_表情_素_顔
警告Lv0:kaoru_set_顔.csv:第140行:同名的资源文件已经存在:CN04_無_表情_驚き_顔
警告Lv0:kaoru_set_顔.csv:第141行:同名的资源文件已经存在:CN05_他_装飾_もみあげ片編み(髪)_顔
警告Lv0:kaoru_set_顔.csv:第142行:同名的资源文件已经存在:CN05_他_装飾_もみあげ長い(髪)_顔
警告Lv0:kaoru_set_顔.csv:第143行:同名的资源文件已经存在:CN06_髪_前髪_お嬢様_顔
警告Lv0:kaoru_set_顔.csv:第144行:同名的资源文件已经存在:CN06_髪_前髪_ぱっつん_顔
警告Lv0:kaoru_set_顔.csv:第145行:同名的资源文件已经存在:CN06_髪_前髪_ウェーブ_顔
警告Lv0:kaoru_set_顔.csv:第146行:同名的资源文件已经存在:CN06_髪_前髪_クセ毛_顔
警告Lv0:kaoru_set_顔.csv:第147行:同名的资源文件已经存在:CN06_髪_前髪_ナチュラル_顔
警告Lv0:kaoru_set_顔.csv:第148行:同名的资源文件已经存在:CN06_髪_前髪_ワイルド_顔
警告Lv0:kaoru_set_顔.csv:第149行:同名的资源文件已经存在:CN06_髪_前髪_中分け1_顔
警告Lv0:kaoru_set_顔.csv:第150行:同名的资源文件已经存在:CN06_髪_前髪_中分け2_顔
警告Lv0:kaoru_set_顔.csv:第151行:同名的资源文件已经存在:CN06_髪_前髪_横分け_顔
警告Lv0:kaoru_set_顔.csv:第152行:同名的资源文件已经存在:CN06_髪_前髪_無造作_顔
警告Lv0:kaoru_set_顔.csv:第153行:同名的资源文件已经存在:CN06_髪_前髪_裹身毛巾_顔
警告Lv0:kaoru_set_顔.csv:第154行:同名的资源文件已经存在:CN07_無_表情_照れ(口閉じ)_顔
警告Lv0:kaoru_set_顔.csv:第155行:同名的资源文件已经存在:CN07_無_表情_照れ(口開き)_顔
警告Lv0:kaoru_set_顔.csv:第156行:同名的资源文件已经存在:CN08_髪_装飾_もみあげ普通(髪)_顔
警告Lv0:kaoru_set_顔.csv:第157行:同名的资源文件已经存在:CN08_髪_装飾_もみあげ片編み(髪)_顔
警告Lv0:kaoru_set_顔.csv:第158行:同名的资源文件已经存在:CN08_髪_装飾_もみあげ編み(髪)_顔
警告Lv0:kaoru_set_顔.csv:第159行:同名的资源文件已经存在:CN08_髪_装飾_もみあげ長い(髪)_顔
警告Lv0:kaoru_set_顔.csv:第160行:同名的资源文件已经存在:CN09_肌_頭部_普通な顔_顔
警告Lv0:kaoru_set_顔.csv:第161行:同名的资源文件已经存在:CN09_肌_頭部_青ざめた顔_顔
警告Lv0:kaoru_set_顔.csv:第162行:同名的资源文件已经存在:CN09_肌_頭部_黒い顔_顔
警告Lv0:kaoru_set_顔.csv:第163行:同名的资源文件已经存在:CN10_髪_装飾_もみあげ普通(髪)_顔
警告Lv0:kaoru_set_顔.csv:第164行:同名的资源文件已经存在:CN10_髪_装飾_もみあげ編み(髪)_顔
警告Lv0:kaoru_set_顔.csv:第165行:同名的资源文件已经存在:CN10_髪_装飾_もみあげ長い(髪)_顔
警告Lv0:kaoru_set_顔.csv:第166行:同名的资源文件已经存在:CN12_服_身体_ゴスロリ1_顔
警告Lv0:kaoru_set_顔.csv:第167行:同名的资源文件已经存在:CN12_服_身体_ゴスロリ2_顔
警告Lv0:kaoru_set_顔.csv:第168行:同名的资源文件已经存在:CN12_服_身体_ゴスロリ3_顔
警告Lv0:kaoru_set_顔.csv:第169行:同名的资源文件已经存在:CN12_服_身体_修女服1_顔
警告Lv0:kaoru_set_顔.csv:第170行:同名的资源文件已经存在:CN12_服_身体_修女服2_顔
警告Lv0:kaoru_set_顔.csv:第171行:同名的资源文件已经存在:CN12_服_身体_修女服3_顔
警告Lv0:kaoru_set_顔.csv:第172行:同名的资源文件已经存在:CN12_服_身体_死库水1_顔
警告Lv0:kaoru_set_顔.csv:第173行:同名的资源文件已经存在:CN12_服_身体_死库水2_顔
警告Lv0:kaoru_set_顔.csv:第174行:同名的资源文件已经存在:CN12_服_身体_死库水3_顔
警告Lv0:kaoru_set_顔.csv:第175行:同名的资源文件已经存在:CN12_服_身体_水手服1_顔
警告Lv0:kaoru_set_顔.csv:第176行:同名的资源文件已经存在:CN12_服_身体_水手服2_顔
警告Lv0:kaoru_set_顔.csv:第177行:同名的资源文件已经存在:CN12_服_身体_水手服3_顔
警告Lv0:kaoru_set_顔.csv:第178行:同名的资源文件已经存在:CN12_服_身体_灯笼裤1_顔
警告Lv0:kaoru_set_顔.csv:第179行:同名的资源文件已经存在:CN12_服_身体_灯笼裤2_顔
警告Lv0:kaoru_set_顔.csv:第180行:同名的资源文件已经存在:CN12_服_身体_灯笼裤3_顔
警告Lv0:kaoru_set_顔.csv:第181行:同名的资源文件已经存在:CN12_服_身体_浴衣1_顔
警告Lv0:kaoru_set_顔.csv:第182行:同名的资源文件已经存在:CN12_服_身体_浴衣2_顔
警告Lv0:kaoru_set_顔.csv:第183行:同名的资源文件已经存在:CN12_服_身体_浴衣3_顔
警告Lv0:kaoru_set_顔.csv:第184行:同名的资源文件已经存在:CN12_服_身体_西装上衣1_顔
警告Lv0:kaoru_set_顔.csv:第185行:同名的资源文件已经存在:CN12_服_身体_西装上衣2_顔
警告Lv0:kaoru_set_顔.csv:第186行:同名的资源文件已经存在:CN12_服_身体_西装上衣3_顔
警告Lv0:kaoru_set_顔.csv:第187行:同名的资源文件已经存在:CN12_服_身体_女僕服1_顔
警告Lv0:kaoru_set_顔.csv:第188行:同名的资源文件已经存在:CN12_服_身体_女僕服2_顔
警告Lv0:kaoru_set_顔.csv:第189行:同名的资源文件已经存在:CN12_服_身体_女僕服3_顔
警告Lv0:kaoru_set_顔.csv:第190行:同名的资源文件已经存在:CN12_服_身体_内衣1_顔
警告Lv0:kaoru_set_顔.csv:第191行:同名的资源文件已经存在:CN12_服_身体_内衣2_顔
警告Lv0:kaoru_set_顔.csv:第192行:同名的资源文件已经存在:CN12_服_身体_内衣3_顔
警告Lv0:kaoru_set_顔.csv:第196行:同名的资源文件已经存在:CN12_服_身体_和服1_顔
警告Lv0:kaoru_set_顔.csv:第197行:同名的资源文件已经存在:CN12_服_身体_和服2_顔
警告Lv0:kaoru_set_顔.csv:第198行:同名的资源文件已经存在:CN12_服_身体_和服3_顔
警告Lv0:kaoru_set_顔.csv:第199行:同名的资源文件已经存在:CN12_服_身体_妖精服1_顔
警告Lv0:kaoru_set_顔.csv:第200行:同名的资源文件已经存在:CN12_服_身体_妖精服2_顔
警告Lv0:kaoru_set_顔.csv:第201行:同名的资源文件已经存在:CN12_服_身体_妖精服3_顔
警告Lv0:kaoru_set_顔.csv:第202行:同名的资源文件已经存在:CN12_服_身体_河童服1_顔
警告Lv0:kaoru_set_顔.csv:第203行:同名的资源文件已经存在:CN12_服_身体_河童服2_顔
警告Lv0:kaoru_set_顔.csv:第204行:同名的资源文件已经存在:CN12_服_身体_河童服3_顔
警告Lv0:kaoru_set_顔.csv:第205行:同名的资源文件已经存在:CN12_服_身体_私服A1_顔
警告Lv0:kaoru_set_顔.csv:第206行:同名的资源文件已经存在:CN12_服_身体_私服A2_顔
警告Lv0:kaoru_set_顔.csv:第207行:同名的资源文件已经存在:CN12_服_身体_私服A3_顔
警告Lv0:kaoru_set_顔.csv:第208行:同名的资源文件已经存在:CN12_服_身体_私服B1_顔
警告Lv0:kaoru_set_顔.csv:第209行:同名的资源文件已经存在:CN12_服_身体_私服B2_顔
警告Lv0:kaoru_set_顔.csv:第210行:同名的资源文件已经存在:CN12_服_身体_私服B3_顔
警告Lv0:kaoru_set_顔.csv:第211行:同名的资源文件已经存在:CN12_服_身体_私服CA1_顔
警告Lv0:kaoru_set_顔.csv:第212行:同名的资源文件已经存在:CN12_服_身体_私服CA2_顔
警告Lv0:kaoru_set_顔.csv:第213行:同名的资源文件已经存在:CN12_服_身体_私服CA3_顔
警告Lv0:kaoru_set_顔.csv:第214行:同名的资源文件已经存在:CN12_服_身体_私服CB1_顔
警告Lv0:kaoru_set_顔.csv:第215行:同名的资源文件已经存在:CN12_服_身体_私服CB2_顔
警告Lv0:kaoru_set_顔.csv:第216行:同名的资源文件已经存在:CN12_服_身体_私服CB3_顔
警告Lv0:kaoru_set_顔.csv:第217行:同名的资源文件已经存在:CN12_服_身体_私服D1_顔
警告Lv0:kaoru_set_顔.csv:第218行:同名的资源文件已经存在:CN12_服_身体_私服D2_顔
警告Lv0:kaoru_set_顔.csv:第219行:同名的资源文件已经存在:CN12_服_身体_私服D3_顔
警告Lv0:kaoru_set_顔.csv:第222行:同名的资源文件已经存在:CN13_無_身体_ゴスロリ1_顔
警告Lv0:kaoru_set_顔.csv:第223行:同名的资源文件已经存在:CN13_無_身体_ゴスロリ2_顔
警告Lv0:kaoru_set_顔.csv:第224行:同名的资源文件已经存在:CN13_無_身体_ゴスロリ3_顔
警告Lv0:kaoru_set_顔.csv:第225行:同名的资源文件已经存在:CN13_無_身体_水手服1_顔
警告Lv0:kaoru_set_顔.csv:第226行:同名的资源文件已经存在:CN13_無_身体_水手服2_顔
警告Lv0:kaoru_set_顔.csv:第227行:同名的资源文件已经存在:CN13_無_身体_水手服3_顔
警告Lv0:kaoru_set_顔.csv:第228行:同名的资源文件已经存在:CN13_無_身体_浴衣(色固定)1_顔
警告Lv0:kaoru_set_顔.csv:第229行:同名的资源文件已经存在:CN13_無_身体_浴衣(色固定)2_顔
警告Lv0:kaoru_set_顔.csv:第230行:同名的资源文件已经存在:CN13_無_身体_浴衣(色固定)3_顔
警告Lv0:kaoru_set_顔.csv:第231行:同名的资源文件已经存在:CN13_無_身体_西装上衣1_顔
警告Lv0:kaoru_set_顔.csv:第232行:同名的资源文件已经存在:CN13_無_身体_西装上衣2_顔
警告Lv0:kaoru_set_顔.csv:第233行:同名的资源文件已经存在:CN13_無_身体_西装上衣3_顔
警告Lv0:kaoru_set_顔.csv:第234行:同名的资源文件已经存在:CN13_無_身体_女僕服1_顔
警告Lv0:kaoru_set_顔.csv:第235行:同名的资源文件已经存在:CN13_無_身体_女僕服2_顔
警告Lv0:kaoru_set_顔.csv:第236行:同名的资源文件已经存在:CN13_無_身体_女僕服3_顔
警告Lv0:kaoru_set_顔.csv:第237行:同名的资源文件已经存在:CN13_無_身体_和服1_顔
警告Lv0:kaoru_set_顔.csv:第238行:同名的资源文件已经存在:CN13_無_身体_和服2_顔
警告Lv0:kaoru_set_顔.csv:第239行:同名的资源文件已经存在:CN13_無_身体_和服3_顔
警告Lv0:kaoru_set_顔.csv:第240行:同名的资源文件已经存在:CN13_無_身体_天狗服(色固定)1_顔
警告Lv0:kaoru_set_顔.csv:第241行:同名的资源文件已经存在:CN13_無_身体_天狗服(色固定)2_顔
警告Lv0:kaoru_set_顔.csv:第242行:同名的资源文件已经存在:CN13_無_身体_天狗服(色固定)3_顔
警告Lv0:kaoru_set_顔.csv:第243行:同名的资源文件已经存在:CN13_無_身体_妖精服1_顔
警告Lv0:kaoru_set_顔.csv:第244行:同名的资源文件已经存在:CN13_無_身体_妖精服2_顔
警告Lv0:kaoru_set_顔.csv:第245行:同名的资源文件已经存在:CN13_無_身体_妖精服3_顔
警告Lv0:kaoru_set_顔.csv:第246行:同名的资源文件已经存在:CN13_無_身体_河童服(色固定)1_顔
警告Lv0:kaoru_set_顔.csv:第247行:同名的资源文件已经存在:CN13_無_身体_河童服(色固定)2_顔
警告Lv0:kaoru_set_顔.csv:第248行:同名的资源文件已经存在:CN13_無_身体_河童服(色固定)3_顔
警告Lv0:kaoru_set_顔.csv:第251行:同名的资源文件已经存在:CN13_無_身体_河童服1_顔
警告Lv0:kaoru_set_顔.csv:第252行:同名的资源文件已经存在:CN13_無_身体_河童服2_顔
警告Lv0:kaoru_set_顔.csv:第253行:同名的资源文件已经存在:CN13_無_身体_河童服3_顔
警告Lv0:kaoru_set_顔.csv:第254行:同名的资源文件已经存在:CN13_無_身体_玉兎服(色固定)1_顔
警告Lv0:kaoru_set_顔.csv:第255行:同名的资源文件已经存在:CN13_無_身体_玉兎服(色固定)2_顔
警告Lv0:kaoru_set_顔.csv:第256行:同名的资源文件已经存在:CN13_無_身体_玉兎服(色固定)3_顔
警告Lv0:kaoru_set_顔.csv:第257行:同名的资源文件已经存在:CN13_無_身体_白狼天狗服(色固定)1_顔
警告Lv0:kaoru_set_顔.csv:第258行:同名的资源文件已经存在:CN13_無_身体_白狼天狗服(色固定)2_顔
警告Lv0:kaoru_set_顔.csv:第259行:同名的资源文件已经存在:CN13_無_身体_白狼天狗服(色固定)3_顔
警告Lv0:kaoru_set_顔.csv:第260行:同名的资源文件已经存在:CN13_無_身体_私服A1_顔
警告Lv0:kaoru_set_顔.csv:第261行:同名的资源文件已经存在:CN13_無_身体_私服A2_顔
警告Lv0:kaoru_set_顔.csv:第262行:同名的资源文件已经存在:CN13_無_身体_私服A3_顔
警告Lv0:kaoru_set_顔.csv:第263行:同名的资源文件已经存在:CN13_無_身体_私服B1_顔
警告Lv0:kaoru_set_顔.csv:第264行:同名的资源文件已经存在:CN13_無_身体_私服B2_顔
警告Lv0:kaoru_set_顔.csv:第265行:同名的资源文件已经存在:CN13_無_身体_私服B3_顔
警告Lv0:kaoru_set_顔.csv:第266行:同名的资源文件已经存在:CN13_無_身体_私服CA1_顔
警告Lv0:kaoru_set_顔.csv:第267行:同名的资源文件已经存在:CN13_無_身体_私服CA2_顔
警告Lv0:kaoru_set_顔.csv:第268行:同名的资源文件已经存在:CN13_無_身体_私服CA3_顔
警告Lv0:kaoru_set_顔.csv:第269行:同名的资源文件已经存在:CN13_無_身体_私服CB1_顔
警告Lv0:kaoru_set_顔.csv:第270行:同名的资源文件已经存在:CN13_無_身体_私服CB2_顔
警告Lv0:kaoru_set_顔.csv:第271行:同名的资源文件已经存在:CN13_無_身体_私服CB3_顔
警告Lv0:kaoru_set_顔.csv:第272行:同名的资源文件已经存在:CN13_無_身体_巫女服(赤)1_顔
警告Lv0:kaoru_set_顔.csv:第273行:同名的资源文件已经存在:CN13_無_身体_巫女服(赤)2_顔
警告Lv0:kaoru_set_顔.csv:第274行:同名的资源文件已经存在:CN13_無_身体_巫女服(赤)3_顔
警告Lv0:kaoru_set_顔.csv:第275行:同名的资源文件已经存在:CN13_無_身体_巫女服(緑)1_顔
警告Lv0:kaoru_set_顔.csv:第276行:同名的资源文件已经存在:CN13_無_身体_巫女服(緑)2_顔
警告Lv0:kaoru_set_顔.csv:第277行:同名的资源文件已经存在:CN13_無_身体_巫女服(緑)3_顔
警告Lv0:kaoru_set_顔.csv:第281行:同名的资源文件已经存在:CN15_肌_身体_ゴスロリ1_顔
警告Lv0:kaoru_set_顔.csv:第282行:同名的资源文件已经存在:CN15_肌_身体_ゴスロリ2_顔
警告Lv0:kaoru_set_顔.csv:第283行:同名的资源文件已经存在:CN15_肌_身体_ゴスロリ3_顔
警告Lv0:kaoru_set_顔.csv:第284行:同名的资源文件已经存在:CN15_肌_身体_修女服1_顔
警告Lv0:kaoru_set_顔.csv:第285行:同名的资源文件已经存在:CN15_肌_身体_修女服2_顔
警告Lv0:kaoru_set_顔.csv:第286行:同名的资源文件已经存在:CN15_肌_身体_修女服3_顔
警告Lv0:kaoru_set_顔.csv:第287行:同名的资源文件已经存在:CN15_肌_身体_死库水1_顔
警告Lv0:kaoru_set_顔.csv:第288行:同名的资源文件已经存在:CN15_肌_身体_死库水2_顔
警告Lv0:kaoru_set_顔.csv:第289行:同名的资源文件已经存在:CN15_肌_身体_死库水3_顔
警告Lv0:kaoru_set_顔.csv:第290行:同名的资源文件已经存在:CN15_肌_身体_水手服1_顔
警告Lv0:kaoru_set_顔.csv:第291行:同名的资源文件已经存在:CN15_肌_身体_水手服2_顔
警告Lv0:kaoru_set_顔.csv:第292行:同名的资源文件已经存在:CN15_肌_身体_水手服3_顔
警告Lv0:kaoru_set_顔.csv:第293行:同名的资源文件已经存在:CN15_肌_身体_灯笼裤1_顔
警告Lv0:kaoru_set_顔.csv:第294行:同名的资源文件已经存在:CN15_肌_身体_灯笼裤2_顔
警告Lv0:kaoru_set_顔.csv:第295行:同名的资源文件已经存在:CN15_肌_身体_灯笼裤3_顔
警告Lv0:kaoru_set_顔.csv:第296行:同名的资源文件已经存在:CN15_肌_身体_浴衣(色固定)1_顔
警告Lv0:kaoru_set_顔.csv:第297行:同名的资源文件已经存在:CN15_肌_身体_浴衣(色固定)2_顔
警告Lv0:kaoru_set_顔.csv:第298行:同名的资源文件已经存在:CN15_肌_身体_浴衣(色固定)3_顔
警告Lv0:kaoru_set_顔.csv:第299行:同名的资源文件已经存在:CN15_肌_身体_浴衣1_顔
警告Lv0:kaoru_set_顔.csv:第300行:同名的资源文件已经存在:CN15_肌_身体_浴衣2_顔
警告Lv0:kaoru_set_顔.csv:第301行:同名的资源文件已经存在:CN15_肌_身体_浴衣3_顔
警告Lv0:kaoru_set_顔.csv:第302行:同名的资源文件已经存在:CN15_肌_身体_西装上衣1_顔
警告Lv0:kaoru_set_顔.csv:第303行:同名的资源文件已经存在:CN15_肌_身体_西装上衣2_顔
警告Lv0:kaoru_set_顔.csv:第304行:同名的资源文件已经存在:CN15_肌_身体_西装上衣3_顔
警告Lv0:kaoru_set_顔.csv:第305行:同名的资源文件已经存在:CN15_肌_身体_女僕服1_顔
警告Lv0:kaoru_set_顔.csv:第306行:同名的资源文件已经存在:CN15_肌_身体_女僕服2_顔
警告Lv0:kaoru_set_顔.csv:第307行:同名的资源文件已经存在:CN15_肌_身体_女僕服3_顔
警告Lv0:kaoru_set_顔.csv:第308行:同名的资源文件已经存在:CN15_肌_身体_内衣1_顔
警告Lv0:kaoru_set_顔.csv:第309行:同名的资源文件已经存在:CN15_肌_身体_内衣2_顔
警告Lv0:kaoru_set_顔.csv:第310行:同名的资源文件已经存在:CN15_肌_身体_内衣3_顔
警告Lv0:kaoru_set_顔.csv:第311行:同名的资源文件已经存在:CN15_肌_身体_和服1_顔
警告Lv0:kaoru_set_顔.csv:第312行:同名的资源文件已经存在:CN15_肌_身体_和服2_顔
警告Lv0:kaoru_set_顔.csv:第313行:同名的资源文件已经存在:CN15_肌_身体_和服3_顔
警告Lv0:kaoru_set_顔.csv:第314行:同名的资源文件已经存在:CN15_肌_身体_天狗服(色固定)1_顔
警告Lv0:kaoru_set_顔.csv:第315行:同名的资源文件已经存在:CN15_肌_身体_天狗服(色固定)2_顔
警告Lv0:kaoru_set_顔.csv:第316行:同名的资源文件已经存在:CN15_肌_身体_天狗服(色固定)3_顔
警告Lv0:kaoru_set_顔.csv:第317行:同名的资源文件已经存在:CN15_肌_身体_妖精服1_顔
警告Lv0:kaoru_set_顔.csv:第318行:同名的资源文件已经存在:CN15_肌_身体_妖精服2_顔
警告Lv0:kaoru_set_顔.csv:第319行:同名的资源文件已经存在:CN15_肌_身体_妖精服3_顔
警告Lv0:kaoru_set_顔.csv:第320行:同名的资源文件已经存在:CN15_肌_身体_河童服(色固定)1_顔
警告Lv0:kaoru_set_顔.csv:第321行:同名的资源文件已经存在:CN15_肌_身体_河童服(色固定)2_顔
警告Lv0:kaoru_set_顔.csv:第322行:同名的资源文件已经存在:CN15_肌_身体_河童服(色固定)3_顔
警告Lv0:kaoru_set_顔.csv:第325行:同名的资源文件已经存在:CN15_肌_身体_河童服1_顔
警告Lv0:kaoru_set_顔.csv:第326行:同名的资源文件已经存在:CN15_肌_身体_河童服2_顔
警告Lv0:kaoru_set_顔.csv:第327行:同名的资源文件已经存在:CN15_肌_身体_河童服3_顔
警告Lv0:kaoru_set_顔.csv:第328行:同名的资源文件已经存在:CN15_肌_身体_玉兎服(色固定)1_顔
警告Lv0:kaoru_set_顔.csv:第329行:同名的资源文件已经存在:CN15_肌_身体_玉兎服(色固定)2_顔
警告Lv0:kaoru_set_顔.csv:第330行:同名的资源文件已经存在:CN15_肌_身体_玉兎服(色固定)3_顔
警告Lv0:kaoru_set_顔.csv:第331行:同名的资源文件已经存在:CN15_肌_身体_白狼天狗服(色固定)1_顔
警告Lv0:kaoru_set_顔.csv:第332行:同名的资源文件已经存在:CN15_肌_身体_白狼天狗服(色固定)2_顔
警告Lv0:kaoru_set_顔.csv:第333行:同名的资源文件已经存在:CN15_肌_身体_白狼天狗服(色固定)3_顔
警告Lv0:kaoru_set_顔.csv:第334行:同名的资源文件已经存在:CN15_肌_身体_私服A1_顔
警告Lv0:kaoru_set_顔.csv:第335行:同名的资源文件已经存在:CN15_肌_身体_私服A2_顔
警告Lv0:kaoru_set_顔.csv:第336行:同名的资源文件已经存在:CN15_肌_身体_私服A3_顔
警告Lv0:kaoru_set_顔.csv:第337行:同名的资源文件已经存在:CN15_肌_身体_私服B1_顔
警告Lv0:kaoru_set_顔.csv:第338行:同名的资源文件已经存在:CN15_肌_身体_私服B2_顔
警告Lv0:kaoru_set_顔.csv:第339行:同名的资源文件已经存在:CN15_肌_身体_私服B3_顔
警告Lv0:kaoru_set_顔.csv:第340行:同名的资源文件已经存在:CN15_肌_身体_私服CA1_顔
警告Lv0:kaoru_set_顔.csv:第341行:同名的资源文件已经存在:CN15_肌_身体_私服CA2_顔
警告Lv0:kaoru_set_顔.csv:第342行:同名的资源文件已经存在:CN15_肌_身体_私服CA3_顔
警告Lv0:kaoru_set_顔.csv:第343行:同名的资源文件已经存在:CN15_肌_身体_私服CB1_顔
警告Lv0:kaoru_set_顔.csv:第344行:同名的资源文件已经存在:CN15_肌_身体_私服CB2_顔
警告Lv0:kaoru_set_顔.csv:第345行:同名的资源文件已经存在:CN15_肌_身体_私服CB3_顔
警告Lv0:kaoru_set_顔.csv:第346行:同名的资源文件已经存在:CN15_肌_身体_私服D1_顔
警告Lv0:kaoru_set_顔.csv:第347行:同名的资源文件已经存在:CN15_肌_身体_私服D2_顔
警告Lv0:kaoru_set_顔.csv:第348行:同名的资源文件已经存在:CN15_肌_身体_私服D3_顔
警告Lv0:kaoru_set_顔.csv:第349行:同名的资源文件已经存在:CN15_肌_身体_素体1_顔
警告Lv0:kaoru_set_顔.csv:第350行:同名的资源文件已经存在:CN15_肌_身体_素体2_顔
警告Lv0:kaoru_set_顔.csv:第351行:同名的资源文件已经存在:CN15_肌_身体_素体3_顔
警告Lv0:kaoru_set_顔.csv:第352行:同名的资源文件已经存在:CN15_肌_身体_巫女服(赤)1_顔
警告Lv0:kaoru_set_顔.csv:第353行:同名的资源文件已经存在:CN15_肌_身体_巫女服(赤)2_顔
警告Lv0:kaoru_set_顔.csv:第354行:同名的资源文件已经存在:CN15_肌_身体_巫女服(赤)3_顔
警告Lv0:kaoru_set_顔.csv:第355行:同名的资源文件已经存在:CN15_肌_身体_巫女服(緑)1_顔
警告Lv0:kaoru_set_顔.csv:第356行:同名的资源文件已经存在:CN15_肌_身体_巫女服(緑)2_顔
警告Lv0:kaoru_set_顔.csv:第357行:同名的资源文件已经存在:CN15_肌_身体_巫女服(緑)3_顔
警告Lv0:kaoru_set_顔.csv:第366行:同名的资源文件已经存在:CN17_髪_後髪_ウェーブショート_顔
警告Lv0:kaoru_set_顔.csv:第367行:同名的资源文件已经存在:CN17_髪_後髪_ウェーブセミロング_顔
警告Lv0:kaoru_set_顔.csv:第368行:同名的资源文件已经存在:CN17_髪_後髪_ウェーブロング_顔
警告Lv0:kaoru_set_顔.csv:第369行:同名的资源文件已经存在:CN17_髪_後髪_サイドテール_顔
警告Lv0:kaoru_set_顔.csv:第370行:同名的资源文件已经存在:CN17_髪_後髪_ショート_顔
警告Lv0:kaoru_set_顔.csv:第371行:同名的资源文件已经存在:CN17_髪_後髪_セミロング_顔
警告Lv0:kaoru_set_顔.csv:第372行:同名的资源文件已经存在:CN17_髪_後髪_ツインテール(短)_顔
警告Lv0:kaoru_set_顔.csv:第373行:同名的资源文件已经存在:CN17_髪_後髪_ツインテール(長)_顔
警告Lv0:kaoru_set_顔.csv:第374行:同名的资源文件已经存在:CN17_髪_後髪_ツインドリル_顔
警告Lv0:kaoru_set_顔.csv:第375行:同名的资源文件已经存在:CN17_髪_後髪_ボブカット_顔
警告Lv0:kaoru_set_顔.csv:第376行:同名的资源文件已经存在:CN17_髪_後髪_ポニーテール_顔
警告Lv0:kaoru_set_顔.csv:第377行:同名的资源文件已经存在:CN17_髪_後髪_ロング_顔
警告Lv0:kaoru_set_顔.csv:第378行:同名的资源文件已经存在:CN17_髪_後髪_三つ編み_顔
警告Lv0:kaoru_set_顔.csv:第379行:同名的资源文件已经存在:CN17_髪_後髪_無造作_顔
警告Lv0:kaoru_set_顔.csv:第380行:同名的资源文件已经存在:CN18_他_装飾_ZUN帽_顔
警告Lv0:kaoru_set_顔.csv:第381行:同名的资源文件已经存在:CN18_他_装飾_狸猫尾巴_顔
警告Lv0:kaoru_set_顔.csv:第383行:同名的资源文件已经存在:CN18_他_装飾_狸猫耳_顔
警告Lv0:kaoru_set_顔.csv:第384行:同名的资源文件已经存在:CN18_他_装飾_猫尾_顔
警告Lv0:kaoru_set_顔.csv:第385行:同名的资源文件已经存在:CN18_他_装飾_念珠(ポーズ2用)_顔
警告Lv0:kaoru_set_顔.csv:第386行:同名的资源文件已经存在:CN18_他_装飾_念珠_顔
警告Lv0:kaoru_set_顔.csv:第387行:同名的资源文件已经存在:CN18_他_装飾_天狗帽子_顔
警告Lv0:kaoru_set_顔.csv:第388行:同名的资源文件已经存在:CN18_他_装飾_妖精の羽_顔
警告Lv0:kaoru_set_顔.csv:第390行:同名的资源文件已经存在:CN18_他_装飾_河童帽子_顔
警告Lv0:kaoru_set_顔.csv:第391行:同名的资源文件已经存在:CN18_他_装飾_狸猫叶子_顔
警告Lv0:kaoru_set_顔.csv:第392行:同名的资源文件已经存在:CN18_他_装飾_狐尾巴_顔
警告Lv0:kaoru_set_顔.csv:第393行:同名的资源文件已经存在:CN18_他_装飾_狐耳_顔
警告Lv0:kaoru_set_顔.csv:第394行:同名的资源文件已经存在:CN18_他_装飾_王冠_顔
警告Lv0:kaoru_set_顔.csv:第395行:同名的资源文件已经存在:CN18_他_装飾_白い羽根_顔
警告Lv0:kaoru_set_顔.csv:第396行:同名的资源文件已经存在:CN18_他_装飾_白浪天狗帽子_顔
警告Lv0:kaoru_set_顔.csv:第397行:同名的资源文件已经存在:CN18_他_装飾_鬼の角_顔
警告Lv0:kaoru_set_顔.csv:第398行:同名的资源文件已经存在:CN18_他_装飾_黒い羽根_顔
警告Lv0:kaoru_set_顔.csv:第399行:同名的资源文件已经存在:CN18_尾_装飾_狐尾巴(尾)_顔
警告Lv0:kaoru_set_顔.csv:第400行:同名的资源文件已经存在:CN18_尾_装飾_獣尾巴(尾)_顔
警告Lv0:kaoru_set_顔.csv:第401行:同名的资源文件已经存在:CN18_服_装飾_ZUN帽(服)_顔
警告Lv0:kaoru_set_顔.csv:第402行:同名的资源文件已经存在:CN18_服_装飾_修女服頭巾(服)_顔
警告Lv0:kaoru_set_顔.csv:第403行:同名的资源文件已经存在:CN18_耳_装飾_ネコ耳(耳)_顔
警告Lv0:kaoru_set_顔.csv:第404行:同名的资源文件已经存在:CN18_耳_装飾_狐耳(耳)_顔
警告Lv0:kaoru_set_顔.csv:第405行:同名的资源文件已经存在:CN18_耳_装飾_獣耳(耳)_顔
警告Lv0:kaoru_set_顔.csv:第407行:同名的资源文件已经存在:CN15_肌_身体_素体(絶壁)1_顔
警告Lv0:kaoru_set_顔.csv:第408行:同名的资源文件已经存在:CN15_肌_身体_素体(絶壁)2_顔
警告Lv0:kaoru_set_顔.csv:第409行:同名的资源文件已经存在:CN15_肌_身体_素体(絶壁)3_顔
警告Lv0:kaoru_set_顔.csv:第410行:同名的资源文件已经存在:CN15_肌_身体_素体(並乳)1_顔
警告Lv0:kaoru_set_顔.csv:第411行:同名的资源文件已经存在:CN15_肌_身体_素体(並乳)2_顔
警告Lv0:kaoru_set_顔.csv:第412行:同名的资源文件已经存在:CN15_肌_身体_素体(並乳)3_顔
警告Lv0:kaoru_set_顔.csv:第413行:同名的资源文件已经存在:CN15_肌_身体_素体(巨乳)1_顔
警告Lv0:kaoru_set_顔.csv:第414行:同名的资源文件已经存在:CN15_肌_身体_素体(巨乳)2_顔
警告Lv0:kaoru_set_顔.csv:第415行:同名的资源文件已经存在:CN15_肌_身体_素体(巨乳)3_顔
警告Lv0:MOB.csv:第6行:同名的资源文件已经存在:立絵_服_通常_MOB_因幡_1
警告Lv0:MOB.csv:第7行:同名的资源文件已经存在:立絵_服_笑顔_MOB_因幡_1
警告Lv0:MOB.csv:第8行:同名的资源文件已经存在:立絵_服_憤怒_MOB_因幡_1
警告Lv0:MOB.csv:第9行:同名的资源文件已经存在:立絵_服_赤面_MOB_因幡_1
警告Lv0:MOB.csv:第10行:同名的资源文件已经存在:立絵_服_LOVE_MOB_因幡_1
警告Lv0:MOB.csv:第11行:同名的资源文件已经存在:立絵_裸_通常_MOB_因幡_1
警告Lv0:MOB.csv:第12行:同名的资源文件已经存在:立絵_裸_笑顔_MOB_因幡_1
警告Lv0:MOB.csv:第13行:同名的资源文件已经存在:立絵_裸_憤怒_MOB_因幡_1
警告Lv0:MOB.csv:第14行:同名的资源文件已经存在:立絵_裸_赤面_MOB_因幡_1
警告Lv0:MOB.csv:第15行:同名的资源文件已经存在:立絵_裸_LOVE_MOB_因幡_1
警告Lv0:MOB.csv:第17行:同名的资源文件已经存在:立絵_服_通常_MOB_因幡_2
警告Lv0:MOB.csv:第18行:同名的资源文件已经存在:立絵_服_笑顔_MOB_因幡_2
警告Lv0:MOB.csv:第19行:同名的资源文件已经存在:立絵_服_憤怒_MOB_因幡_2
警告Lv0:MOB.csv:第20行:同名的资源文件已经存在:立絵_服_赤面_MOB_因幡_2
警告Lv0:MOB.csv:第21行:同名的资源文件已经存在:立絵_服_LOVE_MOB_因幡_2
警告Lv0:MOB.csv:第22行:同名的资源文件已经存在:立絵_裸_通常_MOB_因幡_2
警告Lv0:MOB.csv:第23行:同名的资源文件已经存在:立絵_裸_笑顔_MOB_因幡_2
警告Lv0:MOB.csv:第24行:同名的资源文件已经存在:立絵_裸_憤怒_MOB_因幡_2
警告Lv0:MOB.csv:第25行:同名的资源文件已经存在:立絵_裸_赤面_MOB_因幡_2
警告Lv0:MOB.csv:第26行:同名的资源文件已经存在:立絵_裸_LOVE_MOB_因幡_2
警告Lv0:MOB.csv:第81行:同名的资源文件已经存在:01_販売員_結ぶ_顔
警告Lv0:MOB.csv:第82行:同名的资源文件已经存在:01_販売員_ショート_顔
警告Lv0:MOB.csv:第83行:同名的资源文件已经存在:01_販売員_切り揃え_顔
警告Lv0:MOB.csv:第84行:同名的资源文件已经存在:01_販売員_ほわほわ_顔
警告Lv0:MOB.csv:第85行:同名的资源文件已经存在:01_販売員_長い_顔
警告Lv0:MOB.csv:第87行:同名的资源文件已经存在:02_販売員_ポニテ_顔
警告Lv0:MOB.csv:第88行:同名的资源文件已经存在:02_販売員_おさげ_顔
警告Lv0:MOB.csv:第89行:同名的资源文件已经存在:02_販売員_一つ結び_顔
警告Lv0:MOB.csv:第90行:同名的资源文件已经存在:02_販売員_三つ編み_顔
警告Lv0:MOB.csv:第91行:同名的资源文件已经存在:02_販売員_ツインテ_顔
警告Lv0:MOB.csv:第93行:同名的资源文件已经存在:03_販売員_素体_顔
警告Lv0:MOB.csv:第94行:同名的资源文件已经存在:03_販売員_普乳素体_顔
警告Lv0:MOB.csv:第95行:同名的资源文件已经存在:03_販売員_巨乳素体_顔
警告Lv0:MOB.csv:第96行:同名的资源文件已经存在:03_販売員_服素体_顔
警告Lv0:MOB.csv:第97行:同名的资源文件已经存在:03_販売員_もみあげ服素体_顔
警告Lv0:MOB.csv:第99行:同名的资源文件已经存在:04_販売員_短_顔
警告Lv0:MOB.csv:第100行:同名的资源文件已经存在:04_販売員_中_顔
警告Lv0:MOB.csv:第101行:同名的资源文件已经存在:04_販売員_もみあげ_顔
警告Lv0:MOB.csv:第103行:同名的资源文件已经存在:05_販売員_短い_顔
警告Lv0:MOB.csv:第104行:同名的资源文件已经存在:05_販売員_ぱっつん_顔
警告Lv0:MOB.csv:第105行:同名的资源文件已经存在:05_販売員_粗め_顔
警告Lv0:MOB.csv:第106行:同名的资源文件已经存在:05_販売員_真ん中寄せ_顔
警告Lv0:MOB.csv:第107行:同名的资源文件已经存在:05_販売員_真ん中分け_顔
警告Lv0:MOB.csv:第108行:同名的资源文件已经存在:05_販売員_斜め_顔
警告Lv0:MOB.csv:第110行:同名的资源文件已经存在:06_販売員_丸通常_顔
警告Lv0:MOB.csv:第111行:同名的资源文件已经存在:06_販売員_丸笑い_顔
警告Lv0:MOB.csv:第112行:同名的资源文件已经存在:06_販売員_丸憤怒_顔
警告Lv0:MOB.csv:第113行:同名的资源文件已经存在:06_販売員_釣通常_顔
警告Lv0:MOB.csv:第114行:同名的资源文件已经存在:06_販売員_釣笑い_顔
警告Lv0:MOB.csv:第115行:同名的资源文件已经存在:06_販売員_釣憤怒_顔
警告Lv0:MOB.csv:第116行:同名的资源文件已经存在:06_販売員_垂通常_顔
警告Lv0:MOB.csv:第117行:同名的资源文件已经存在:06_販売員_垂笑い_顔
警告Lv0:MOB.csv:第118行:同名的资源文件已经存在:06_販売員_垂憤怒_顔
警告Lv0:MOB.csv:第120行:同名的资源文件已经存在:07_販売員_素体浴衣_顔
警告Lv0:MOB.csv:第121行:同名的资源文件已经存在:07_販売員_素体もみあげ浴衣_顔
警告Lv0:MOB.csv:第122行:同名的资源文件已经存在:07_販売員_普乳素体浴衣_顔
警告Lv0:MOB.csv:第123行:同名的资源文件已经存在:07_販売員_普乳素体もみあげ浴衣_顔
警告Lv0:MOB.csv:第124行:同名的资源文件已经存在:07_販売員_巨乳素体浴衣_顔
警告Lv0:MOB.csv:第125行:同名的资源文件已经存在:07_販売員_巨乳素体もみあげ浴衣_顔
警告Lv0:MOB.csv:第127行:同名的资源文件已经存在:08_販売員_装飾_照れ_顔
警告Lv0:MOB.csv:第129行:同名的资源文件已经存在:09_販売員_赤眼镜_顔
警告Lv0:MOB.csv:第130行:同名的资源文件已经存在:09_販売員_黒眼镜_顔
警告Lv0:MOB.csv:第132行:同名的资源文件已经存在:10_販売員_发卡_顔
警告Lv0:MOB.csv:第135行:同名的资源文件已经存在:01_販売員_結ぶ
警告Lv0:MOB.csv:第136行:同名的资源文件已经存在:01_販売員_ショート
警告Lv0:MOB.csv:第137行:同名的资源文件已经存在:01_販売員_切り揃え
警告Lv0:MOB.csv:第138行:同名的资源文件已经存在:01_販売員_ほわほわ
警告Lv0:MOB.csv:第139行:同名的资源文件已经存在:01_販売員_長い
警告Lv0:MOB.csv:第141行:同名的资源文件已经存在:02_販売員_ポニテ
警告Lv0:MOB.csv:第142行:同名的资源文件已经存在:02_販売員_おさげ
警告Lv0:MOB.csv:第143行:同名的资源文件已经存在:02_販売員_一つ結び
警告Lv0:MOB.csv:第144行:同名的资源文件已经存在:02_販売員_三つ編み
警告Lv0:MOB.csv:第145行:同名的资源文件已经存在:02_販売員_ツインテ
警告Lv0:MOB.csv:第147行:同名的资源文件已经存在:03_販売員_素体
警告Lv0:MOB.csv:第148行:同名的资源文件已经存在:03_販売員_普乳素体
警告Lv0:MOB.csv:第149行:同名的资源文件已经存在:03_販売員_巨乳素体
警告Lv0:MOB.csv:第150行:同名的资源文件已经存在:03_販売員_服素体
警告Lv0:MOB.csv:第151行:同名的资源文件已经存在:03_販売員_もみあげ服素体
警告Lv0:MOB.csv:第153行:同名的资源文件已经存在:04_販売員_短
警告Lv0:MOB.csv:第154行:同名的资源文件已经存在:04_販売員_中
警告Lv0:MOB.csv:第155行:同名的资源文件已经存在:04_販売員_もみあげ
警告Lv0:MOB.csv:第157行:同名的资源文件已经存在:05_販売員_短い
警告Lv0:MOB.csv:第158行:同名的资源文件已经存在:05_販売員_ぱっつん
警告Lv0:MOB.csv:第159行:同名的资源文件已经存在:05_販売員_粗め
警告Lv0:MOB.csv:第160行:同名的资源文件已经存在:05_販売員_真ん中寄せ
警告Lv0:MOB.csv:第161行:同名的资源文件已经存在:05_販売員_真ん中分け
警告Lv0:MOB.csv:第162行:同名的资源文件已经存在:05_販売員_斜め
警告Lv0:MOB.csv:第164行:同名的资源文件已经存在:06_販売員_丸通常
警告Lv0:MOB.csv:第165行:同名的资源文件已经存在:06_販売員_丸笑い
警告Lv0:MOB.csv:第166行:同名的资源文件已经存在:06_販売員_丸憤怒
警告Lv0:MOB.csv:第167行:同名的资源文件已经存在:06_販売員_釣通常
警告Lv0:MOB.csv:第168行:同名的资源文件已经存在:06_販売員_釣笑い
警告Lv0:MOB.csv:第169行:同名的资源文件已经存在:06_販売員_釣憤怒
警告Lv0:MOB.csv:第170行:同名的资源文件已经存在:06_販売員_垂通常
警告Lv0:MOB.csv:第171行:同名的资源文件已经存在:06_販売員_垂笑い
警告Lv0:MOB.csv:第172行:同名的资源文件已经存在:06_販売員_垂憤怒
警告Lv0:MOB.csv:第174行:同名的资源文件已经存在:07_販売員_素体浴衣
警告Lv0:MOB.csv:第175行:同名的资源文件已经存在:07_販売員_素体もみあげ浴衣
警告Lv0:MOB.csv:第176行:同名的资源文件已经存在:07_販売員_普乳素体浴衣
警告Lv0:MOB.csv:第177行:同名的资源文件已经存在:07_販売員_普乳素体もみあげ浴衣
警告Lv0:MOB.csv:第178行:同名的资源文件已经存在:07_販売員_巨乳素体浴衣
警告Lv0:MOB.csv:第179行:同名的资源文件已经存在:07_販売員_巨乳素体もみあげ浴衣
警告Lv0:MOB.csv:第181行:同名的资源文件已经存在:09_販売員_赤眼镜
警告Lv0:MOB.csv:第182行:同名的资源文件已经存在:09_販売員_黒眼镜
警告Lv0:MOB.csv:第184行:同名的资源文件已经存在:10_販売員_发卡
警告Lv0:MOB.csv:第187行:同名的资源文件已经存在:01_茨狸_髪_おさげ_顔
警告Lv0:MOB.csv:第188行:同名的资源文件已经存在:01_茨狸_髪_一つ結び_顔
警告Lv0:MOB.csv:第189行:同名的资源文件已经存在:01_茨狸_髪_みつ編みＡ_顔
警告Lv0:MOB.csv:第190行:同名的资源文件已经存在:01_茨狸_髪_みつ編みＢ_顔
警告Lv0:MOB.csv:第191行:同名的资源文件已经存在:01_茨狸_髪_お団子_顔
警告Lv0:MOB.csv:第192行:同名的资源文件已经存在:01_茨狸_髪_ツインテ_顔
警告Lv0:MOB.csv:第193行:同名的资源文件已经存在:01_茨狸_髪_ポニテ_顔
警告Lv0:MOB.csv:第195行:同名的资源文件已经存在:02_茨狸_髪_結ぶ_顔
警告Lv0:MOB.csv:第196行:同名的资源文件已经存在:02_茨狸_髪_ショート_顔
警告Lv0:MOB.csv:第197行:同名的资源文件已经存在:02_茨狸_髪_切り揃え_顔
警告Lv0:MOB.csv:第198行:同名的资源文件已经存在:02_茨狸_髪_ウェーブ_顔
警告Lv0:MOB.csv:第199行:同名的资源文件已经存在:02_茨狸_髪_ほわほわ_顔
警告Lv0:MOB.csv:第200行:同名的资源文件已经存在:02_茨狸_髪_ロング_顔
警告Lv0:MOB.csv:第201行:同名的资源文件已经存在:02_茨狸_髪_固有Ａ_顔
警告Lv0:MOB.csv:第202行:同名的资源文件已经存在:02_茨狸_髪_固有Ｂ_顔
警告Lv0:MOB.csv:第203行:同名的资源文件已经存在:02_茨狸_髪_固有Ｃ_顔
警告Lv0:MOB.csv:第204行:同名的资源文件已经存在:02_茨狸_髪_固有Ｄ_顔
警告Lv0:MOB.csv:第206行:同名的资源文件已经存在:03_茨狸_頭固有Ａ_顔
警告Lv0:MOB.csv:第207行:同名的资源文件已经存在:03_茨狸_頭固有Ｂ_顔
警告Lv0:MOB.csv:第208行:同名的资源文件已经存在:03_茨狸_頭固有Ｃ_顔
警告Lv0:MOB.csv:第209行:同名的资源文件已经存在:03_茨狸_頭固有Ｄ_顔
警告Lv0:MOB.csv:第210行:同名的资源文件已经存在:03_茨狸_頭汎用_顔
警告Lv0:MOB.csv:第212行:同名的资源文件已经存在:04_茨狸_貧素体_顔
警告Lv0:MOB.csv:第213行:同名的资源文件已经存在:04_茨狸_普素体_顔
警告Lv0:MOB.csv:第214行:同名的资源文件已经存在:04_茨狸_巨素体_顔
警告Lv0:MOB.csv:第215行:同名的资源文件已经存在:04_茨狸_法被_顔
警告Lv0:MOB.csv:第216行:同名的资源文件已经存在:04_茨狸_巨法被_顔
警告Lv0:MOB.csv:第218行:同名的资源文件已经存在:05_茨狸_貧素体浴巾_顔
警告Lv0:MOB.csv:第219行:同名的资源文件已经存在:05_茨狸_普素体浴巾_顔
警告Lv0:MOB.csv:第220行:同名的资源文件已经存在:05_茨狸_巨素体浴巾_顔
警告Lv0:MOB.csv:第222行:同名的资源文件已经存在:06_茨狸_髪_もみあげＡ_顔
警告Lv0:MOB.csv:第223行:同名的资源文件已经存在:06_茨狸_髪_もみあげＢ_顔
警告Lv0:MOB.csv:第225行:同名的资源文件已经存在:07_茨狸_髪_流す_顔
警告Lv0:MOB.csv:第226行:同名的资源文件已经存在:07_茨狸_髪_真ん中寄せ_顔
警告Lv0:MOB.csv:第227行:同名的资源文件已经存在:07_茨狸_髪_でこ出し_顔
警告Lv0:MOB.csv:第228行:同名的资源文件已经存在:07_茨狸_髪_真ん中分け_顔
警告Lv0:MOB.csv:第229行:同名的资源文件已经存在:07_茨狸_髪_ぱっつん_顔
警告Lv0:MOB.csv:第231行:同名的资源文件已经存在:08_茨狸_憤怒口Ａ_顔
警告Lv0:MOB.csv:第232行:同名的资源文件已经存在:08_茨狸_憤怒口Ｂ_顔
警告Lv0:MOB.csv:第233行:同名的资源文件已经存在:08_茨狸_憤怒口Ｃ_顔
警告Lv0:MOB.csv:第234行:同名的资源文件已经存在:08_茨狸_笑い口Ａ_顔
警告Lv0:MOB.csv:第235行:同名的资源文件已经存在:08_茨狸_笑い口Ｂ_顔
警告Lv0:MOB.csv:第236行:同名的资源文件已经存在:08_茨狸_笑い口Ｃ_顔
警告Lv0:MOB.csv:第237行:同名的资源文件已经存在:08_茨狸_普通口Ａ_顔
警告Lv0:MOB.csv:第238行:同名的资源文件已经存在:08_茨狸_普通口Ｂ_顔
警告Lv0:MOB.csv:第239行:同名的资源文件已经存在:08_茨狸_普通口Ｃ_顔
警告Lv0:MOB.csv:第241行:同名的资源文件已经存在:09_茨狸_イト目怒_顔
警告Lv0:MOB.csv:第242行:同名的资源文件已经存在:09_茨狸_イト目_顔
警告Lv0:MOB.csv:第243行:同名的资源文件已经存在:09_茨狸_垂れ目怒_顔
警告Lv0:MOB.csv:第244行:同名的资源文件已经存在:09_茨狸_垂れ目_顔
警告Lv0:MOB.csv:第245行:同名的资源文件已经存在:09_茨狸_ジト目怒_顔
警告Lv0:MOB.csv:第246行:同名的资源文件已经存在:09_茨狸_ジト目_顔
警告Lv0:MOB.csv:第247行:同名的资源文件已经存在:09_茨狸_まる目怒_顔
警告Lv0:MOB.csv:第248行:同名的资源文件已经存在:09_茨狸_まる目_顔
警告Lv0:MOB.csv:第249行:同名的资源文件已经存在:09_茨狸_普通目怒_顔
警告Lv0:MOB.csv:第250行:同名的资源文件已经存在:09_茨狸_普通目_顔
警告Lv0:MOB.csv:第251行:同名的资源文件已经存在:09_茨狸_笑い目普_顔
警告Lv0:MOB.csv:第252行:同名的资源文件已经存在:09_茨狸_笑い目垂_顔
警告Lv0:MOB.csv:第253行:同名的资源文件已经存在:09_茨狸_笑い目吊_顔
警告Lv0:MOB.csv:第255行:同名的资源文件已经存在:10_茨狸_まろ眉怒_顔
警告Lv0:MOB.csv:第256行:同名的资源文件已经存在:10_茨狸_まろ眉笑_顔
警告Lv0:MOB.csv:第257行:同名的资源文件已经存在:10_茨狸_まろ眉普_顔
警告Lv0:MOB.csv:第259行:同名的资源文件已经存在:11_茨狸_狸猫耳_顔
警告Lv0:MOB.csv:第260行:同名的资源文件已经存在:12_茨狸_丸めがね_顔
警告Lv0:MOB.csv:第261行:同名的资源文件已经存在:13_茨狸_叶子_顔
警告Lv0:MOB.csv:第262行:同名的资源文件已经存在:14_茨狸_怒マーク_顔
警告Lv0:MOB.csv:第263行:同名的资源文件已经存在:15_茨狸_装飾_照れ_顔
警告Lv0:MOB.csv:第266行:同名的资源文件已经存在:01_茨狸_髪_おさげ
警告Lv0:MOB.csv:第267行:同名的资源文件已经存在:01_茨狸_髪_一つ結び
警告Lv0:MOB.csv:第268行:同名的资源文件已经存在:01_茨狸_髪_みつ編みＡ
警告Lv0:MOB.csv:第269行:同名的资源文件已经存在:01_茨狸_髪_みつ編みＢ
警告Lv0:MOB.csv:第270行:同名的资源文件已经存在:01_茨狸_髪_お団子
警告Lv0:MOB.csv:第271行:同名的资源文件已经存在:01_茨狸_髪_ツインテ
警告Lv0:MOB.csv:第272行:同名的资源文件已经存在:01_茨狸_髪_ポニテ
警告Lv0:MOB.csv:第274行:同名的资源文件已经存在:02_茨狸_髪_結ぶ
警告Lv0:MOB.csv:第275行:同名的资源文件已经存在:02_茨狸_髪_ショート
警告Lv0:MOB.csv:第276行:同名的资源文件已经存在:02_茨狸_髪_切り揃え
警告Lv0:MOB.csv:第277行:同名的资源文件已经存在:02_茨狸_髪_ウェーブ
警告Lv0:MOB.csv:第278行:同名的资源文件已经存在:02_茨狸_髪_ほわほわ
警告Lv0:MOB.csv:第279行:同名的资源文件已经存在:02_茨狸_髪_ロング
警告Lv0:MOB.csv:第280行:同名的资源文件已经存在:02_茨狸_髪_固有Ａ
警告Lv0:MOB.csv:第281行:同名的资源文件已经存在:02_茨狸_髪_固有Ｂ
警告Lv0:MOB.csv:第282行:同名的资源文件已经存在:02_茨狸_髪_固有Ｃ
警告Lv0:MOB.csv:第283行:同名的资源文件已经存在:02_茨狸_髪_固有Ｄ
警告Lv0:MOB.csv:第285行:同名的资源文件已经存在:03_茨狸_頭固有Ａ
警告Lv0:MOB.csv:第286行:同名的资源文件已经存在:03_茨狸_頭固有Ｂ
警告Lv0:MOB.csv:第287行:同名的资源文件已经存在:03_茨狸_頭固有Ｃ
警告Lv0:MOB.csv:第288行:同名的资源文件已经存在:03_茨狸_頭固有Ｄ
警告Lv0:MOB.csv:第289行:同名的资源文件已经存在:03_茨狸_頭汎用
警告Lv0:MOB.csv:第291行:同名的资源文件已经存在:04_茨狸_貧素体
警告Lv0:MOB.csv:第292行:同名的资源文件已经存在:04_茨狸_普素体
警告Lv0:MOB.csv:第293行:同名的资源文件已经存在:04_茨狸_巨素体
警告Lv0:MOB.csv:第294行:同名的资源文件已经存在:04_茨狸_法被
警告Lv0:MOB.csv:第295行:同名的资源文件已经存在:04_茨狸_巨法被
警告Lv0:MOB.csv:第297行:同名的资源文件已经存在:05_茨狸_貧素体浴巾
警告Lv0:MOB.csv:第298行:同名的资源文件已经存在:05_茨狸_普素体浴巾
警告Lv0:MOB.csv:第299行:同名的资源文件已经存在:05_茨狸_巨素体浴巾
警告Lv0:MOB.csv:第301行:同名的资源文件已经存在:06_茨狸_髪_もみあげＡ
警告Lv0:MOB.csv:第302行:同名的资源文件已经存在:06_茨狸_髪_もみあげＢ
警告Lv0:MOB.csv:第304行:同名的资源文件已经存在:07_茨狸_髪_流す
警告Lv0:MOB.csv:第305行:同名的资源文件已经存在:07_茨狸_髪_真ん中寄せ
警告Lv0:MOB.csv:第306行:同名的资源文件已经存在:07_茨狸_髪_でこ出し
警告Lv0:MOB.csv:第307行:同名的资源文件已经存在:07_茨狸_髪_真ん中分け
警告Lv0:MOB.csv:第308行:同名的资源文件已经存在:07_茨狸_髪_ぱっつん
警告Lv0:MOB.csv:第310行:同名的资源文件已经存在:08_茨狸_憤怒口Ａ
警告Lv0:MOB.csv:第311行:同名的资源文件已经存在:08_茨狸_憤怒口Ｂ
警告Lv0:MOB.csv:第312行:同名的资源文件已经存在:08_茨狸_憤怒口Ｃ
警告Lv0:MOB.csv:第313行:同名的资源文件已经存在:08_茨狸_笑い口Ａ
警告Lv0:MOB.csv:第314行:同名的资源文件已经存在:08_茨狸_笑い口Ｂ
警告Lv0:MOB.csv:第315行:同名的资源文件已经存在:08_茨狸_笑い口Ｃ
警告Lv0:MOB.csv:第316行:同名的资源文件已经存在:08_茨狸_普通口Ａ
警告Lv0:MOB.csv:第317行:同名的资源文件已经存在:08_茨狸_普通口Ｂ
警告Lv0:MOB.csv:第318行:同名的资源文件已经存在:08_茨狸_普通口Ｃ
警告Lv0:MOB.csv:第320行:同名的资源文件已经存在:09_茨狸_イト目怒
警告Lv0:MOB.csv:第321行:同名的资源文件已经存在:09_茨狸_イト目
警告Lv0:MOB.csv:第322行:同名的资源文件已经存在:09_茨狸_垂れ目怒
警告Lv0:MOB.csv:第323行:同名的资源文件已经存在:09_茨狸_垂れ目
警告Lv0:MOB.csv:第324行:同名的资源文件已经存在:09_茨狸_ジト目怒
警告Lv0:MOB.csv:第325行:同名的资源文件已经存在:09_茨狸_ジト目
警告Lv0:MOB.csv:第326行:同名的资源文件已经存在:09_茨狸_まる目怒
警告Lv0:MOB.csv:第327行:同名的资源文件已经存在:09_茨狸_まる目
警告Lv0:MOB.csv:第328行:同名的资源文件已经存在:09_茨狸_普通目怒
警告Lv0:MOB.csv:第329行:同名的资源文件已经存在:09_茨狸_普通目
警告Lv0:MOB.csv:第330行:同名的资源文件已经存在:09_茨狸_笑い目普
警告Lv0:MOB.csv:第331行:同名的资源文件已经存在:09_茨狸_笑い目垂
警告Lv0:MOB.csv:第332行:同名的资源文件已经存在:09_茨狸_笑い目吊
警告Lv0:MOB.csv:第334行:同名的资源文件已经存在:10_茨狸_まろ眉怒
警告Lv0:MOB.csv:第335行:同名的资源文件已经存在:10_茨狸_まろ眉笑
警告Lv0:MOB.csv:第336行:同名的资源文件已经存在:10_茨狸_まろ眉普
警告Lv0:MOB.csv:第338行:同名的资源文件已经存在:11_茨狸_狸猫耳
警告Lv0:MOB.csv:第339行:同名的资源文件已经存在:12_茨狸_丸めがね
警告Lv0:MOB.csv:第340行:同名的资源文件已经存在:13_茨狸_叶子
警告Lv0:MOB.csv:第341行:同名的资源文件已经存在:14_茨狸_怒マーク
警告Lv0:39_コマンド.csv:第5行:同名的资源文件已经存在:39_口交0
警告Lv0:42_コマンド.csv:第12行:同名的资源文件已经存在:42_奉仕0
警告Lv0:42_コマンド.csv:第13行:同名的资源文件已经存在:42_奉仕1
警告Lv0:42_コマンド.csv:第14行:同名的资源文件已经存在:42_奉仕2
警告Lv0:42_コマンド.csv:第15行:同名的资源文件已经存在:42_奉仕3
警告Lv0:42_コマンド.csv:第16行:同名的资源文件已经存在:42_奉仕4
警告Lv0:42_コマンド.csv:第17行:同名的资源文件已经存在:42_奉仕5
警告Lv0:42_コマンド.csv:第18行:同名的资源文件已经存在:42_奉仕6
警告Lv0:42_コマンド.csv:第19行:同名的资源文件已经存在:42_奉仕7
警告Lv0:42_コマンド.csv:第20行:同名的资源文件已经存在:42_奉仕8
警告Lv0:42_コマンド.csv:第21行:同名的资源文件已经存在:42_奉仕9
警告Lv0:42_コマンド.csv:第22行:同名的资源文件已经存在:42_奉仕10
警告Lv0:42_コマンド.csv:第23行:同名的资源文件已经存在:42_奉仕11
警告Lv0:42_コマンド.csv:第25行:同名的资源文件已经存在:42_奉仕12
警告Lv0:42_コマンド.csv:第26行:同名的资源文件已经存在:42_奉仕13
警告Lv0:42_コマンド.csv:第27行:同名的资源文件已经存在:42_奉仕14
警告Lv0:42_コマンド.csv:第28行:同名的资源文件已经存在:42_奉仕15
警告Lv0:42_コマンド.csv:第29行:同名的资源文件已经存在:42_奉仕16
警告Lv0:42_コマンド.csv:第30行:同名的资源文件已经存在:42_奉仕17
警告Lv0:42_コマンド.csv:第31行:同名的资源文件已经存在:42_奉仕18
警告Lv0:42_コマンド.csv:第32行:同名的资源文件已经存在:42_奉仕19
警告Lv0:42_コマンド.csv:第33行:同名的资源文件已经存在:42_奉仕20
警告Lv0:42_コマンド.csv:第34行:同名的资源文件已经存在:42_奉仕21
警告Lv0:42_コマンド.csv:第35行:同名的资源文件已经存在:42_奉仕22
警告Lv0:42_コマンド.csv:第36行:同名的资源文件已经存在:42_奉仕23
警告Lv0:42_コマンド.csv:第38行:同名的资源文件已经存在:42_奉仕B0
警告Lv0:42_コマンド.csv:第39行:同名的资源文件已经存在:42_奉仕B1
警告Lv0:42_コマンド.csv:第40行:同名的资源文件已经存在:42_奉仕B2
警告Lv0:42_コマンド.csv:第41行:同名的资源文件已经存在:42_奉仕B3
警告Lv0:42_コマンド.csv:第42行:同名的资源文件已经存在:42_奉仕B4
警告Lv0:42_コマンド.csv:第43行:同名的资源文件已经存在:42_奉仕B5
警告Lv0:42_コマンド.csv:第44行:同名的资源文件已经存在:42_奉仕B6
警告Lv0:42_コマンド.csv:第45行:同名的资源文件已经存在:42_奉仕B7
警告Lv0:42_コマンド.csv:第46行:同名的资源文件已经存在:42_奉仕B8
警告Lv0:42_コマンド.csv:第47行:同名的资源文件已经存在:42_奉仕B9
警告Lv0:42_コマンド.csv:第48行:同名的资源文件已经存在:42_奉仕B10
警告Lv0:42_コマンド.csv:第49行:同名的资源文件已经存在:42_奉仕B11
警告Lv0:55_コマンド.csv:第5行:同名的资源文件已经存在:55_乳交0
警告Lv0:55_コマンド.csv:第7行:同名的资源文件已经存在:55_口交0
警告Lv0:65_コマンド.csv:第6行:同名的资源文件已经存在:65_精液垂れ0
警告Lv0:65_コマンド.csv:第7行:同名的资源文件已经存在:65_精液垂れ1
警告Lv0:65_コマンド.csv:第8行:同名的资源文件已经存在:65_精液垂れ2
警告Lv0:65_コマンド.csv:第9行:同名的资源文件已经存在:65_精液垂れ3
警告Lv0:65_コマンド.csv:第10行:同名的资源文件已经存在:65_精液垂れ4
警告Lv0:65_コマンド.csv:第11行:同名的资源文件已经存在:65_精液垂れ5
警告Lv0:86_コマンド.csv:第5行:同名的资源文件已经存在:86_口交0
警告Lv0:30.csv:第3行:同名的资源文件已经存在:別顔_照れ_30
警告Lv0:30.csv:第5行:同名的资源文件已经存在:別顔_ハート_30
警告Lv0:30.csv:第6行:同名的资源文件已经存在:別顔_睡眠_30
警告Lv0:30.csv:第7行:同名的资源文件已经存在:別顔_吐息_30
警告Lv0:30.csv:第8行:同名的资源文件已经存在:別顔_母乳_30
警告Lv0:30.csv:第9行:同名的资源文件已经存在:別顔_汗_30
警告Lv0:30.csv:第10行:同名的资源文件已经存在:別顔_精液上_30
警告Lv0:30.csv:第11行:同名的资源文件已经存在:別顔_精液下_30
警告Lv0:30.csv:第12行:同名的资源文件已经存在:別顔_精液手_30
警告Lv0:30.csv:第13行:同名的资源文件已经存在:別顔_キラ_30
警告Lv0:30.csv:第15行:同名的资源文件已经存在:別立ち_照れ_30
警告Lv0:30.csv:第17行:同名的资源文件已经存在:別立ち_ハート_30
警告Lv0:30.csv:第18行:同名的资源文件已经存在:別立ち_睡眠_30
警告Lv0:30.csv:第19行:同名的资源文件已经存在:別立ち_吐息_30
警告Lv0:30.csv:第20行:同名的资源文件已经存在:別立ち_汗_30
警告Lv0:30.csv:第21行:同名的资源文件已经存在:別立ち_母乳_30
警告Lv0:30.csv:第22行:同名的资源文件已经存在:別立ち_精液上_30
警告Lv0:30.csv:第23行:同名的资源文件已经存在:別立ち_精液下_30
警告Lv0:30.csv:第24行:同名的资源文件已经存在:別立ち_精液手_30
警告Lv0:30.csv:第137行:同名的资源文件已经存在:30_START
警告Lv0:30.csv:第138行:同名的资源文件已经存在:30_BLOW1
警告Lv0:30.csv:第139行:同名的资源文件已经存在:30_BLOW2
警告Lv0:30.csv:第140行:同名的资源文件已经存在:30_BLOW3
警告Lv0:30.csv:第141行:同名的资源文件已经存在:30_BLOW4
警告Lv0:30.csv:第142行:同名的资源文件已经存在:30_BLOW5
警告Lv0:30.csv:第143行:同名的资源文件已经存在:30_BLOW6
警告Lv0:30.csv:第144行:同名的资源文件已经存在:30_BLOW7
警告Lv0:30.csv:第145行:同名的资源文件已经存在:30_BLOW8
警告Lv0:30.csv:第146行:同名的资源文件已经存在:30_FAILED1
警告Lv0:30.csv:第147行:同名的资源文件已经存在:30_FAILED2
警告Lv0:30.csv:第148行:同名的资源文件已经存在:30_FAILED3
警告Lv0:30.csv:第149行:同名的资源文件已经存在:30_SUCCESS1
警告Lv0:30.csv:第150行:同名的资源文件已经存在:30_SUCCESS2
警告Lv0:30.csv:第151行:同名的资源文件已经存在:30_SUCCESS3
警告Lv0:30.csv:第152行:同名的资源文件已经存在:30_SUCCESS4
警告Lv0:30.csv:第153行:同名的资源文件已经存在:30_SUCCESS5
警告Lv0:30.csv:第154行:同名的资源文件已经存在:30_SUCCESS6
警告Lv0:30.csv:第155行:同名的资源文件已经存在:30_SHOWER1
警告Lv0:30.csv:第156行:同名的资源文件已经存在:30_SHOWER2
警告Lv0:30.csv:第157行:同名的资源文件已经存在:30_SHOWER3
警告Lv0:30.csv:第158行:同名的资源文件已经存在:30_SHOWER4
警告Lv0:30.csv:第159行:同名的资源文件已经存在:30_SHOWER5
警告Lv0:30.csv:第160行:同名的资源文件已经存在:30_SHOWER6
警告Lv0:30.csv:第161行:同名的资源文件已经存在:30_DARA1
警告Lv0:30.csv:第162行:同名的资源文件已经存在:30_DARA2
警告Lv0:30.csv:第163行:同名的资源文件已经存在:30_DARA3
警告Lv0:30.csv:第164行:同名的资源文件已经存在:30_DARA4
警告Lv0:30.csv:第165行:同名的资源文件已经存在:30_DARA5
警告Lv0:30.csv:第166行:同名的资源文件已经存在:30_DARA6
警告Lv0:30.csv:第168行:同名的资源文件已经存在:30_おしゃぶり映姫様
警告Lv0:30.csv:第178行:同名的资源文件已经存在:30_BASE_CREAMPIE
警告Lv0:30.csv:第179行:同名的资源文件已经存在:30_BASE_HOLE
警告Lv0:30.csv:第180行:同名的资源文件已经存在:30_BASE_VERTICAL
警告Lv0:30.csv:第181行:同名的资源文件已经存在:30_BODY_HEN-T
警告Lv0:30.csv:第182行:同名的资源文件已经存在:30_BODY_KETSU-TOUCH_HEN-T
警告Lv0:30.csv:第183行:同名的资源文件已经存在:30_BODY_KETSU-TOUCH_WEAR
警告Lv0:30.csv:第184行:同名的资源文件已经存在:30_BODY_NUDE
警告Lv0:30.csv:第185行:同名的资源文件已经存在:30_BODY_WEAR
警告Lv0:30.csv:第186行:同名的资源文件已经存在:30_EFFECT_SPANK-N
警告Lv0:30.csv:第187行:同名的资源文件已经存在:30_EFFECT_SPANK-W
警告Lv0:30.csv:第188行:同名的资源文件已经存在:30_EFFECT_SPERM
警告Lv0:30.csv:第189行:同名的资源文件已经存在:30_EFFECT_VIBE
警告Lv0:30.csv:第190行:同名的资源文件已经存在:30_EFFECT_WET
警告Lv0:30.csv:第191行:同名的资源文件已经存在:30_HAND_NUDE_GRAB
警告Lv0:30.csv:第192行:同名的资源文件已经存在:30_HAND_NUDE_GUARD
警告Lv0:30.csv:第193行:同名的资源文件已经存在:30_HAND_NUDE_HOLD
警告Lv0:30.csv:第194行:同名的资源文件已经存在:30_HAND_NUDE_OPEN
警告Lv0:30.csv:第195行:同名的资源文件已经存在:30_HAND_WEAR_GRAB
警告Lv0:30.csv:第196行:同名的资源文件已经存在:30_HAND_WEAR_GUARD
警告Lv0:30.csv:第197行:同名的资源文件已经存在:30_HAND_WEAR_HOLD
警告Lv0:30.csv:第198行:同名的资源文件已经存在:30_HAND_WEAR_OPEN
警告Lv0:30.csv:第199行:同名的资源文件已经存在:30_SECTIONAL_POKKORI
警告Lv0:30.csv:第200行:同名的资源文件已经存在:30_SECTIONAL_RECTUM1
警告Lv0:30.csv:第201行:同名的资源文件已经存在:30_SECTIONAL_RECTUM2
警告Lv0:30.csv:第202行:同名的资源文件已经存在:30_SECTIONAL_TAPPURI
警告Lv0:30.csv:第203行:同名的资源文件已经存在:30_SHADOW_DEEPER
警告Lv0:30.csv:第204行:同名的资源文件已经存在:30_SHADOW_HAND
警告Lv0:30.csv:第205行:同名的资源文件已经存在:30_SHADOW_INST
警告Lv0:30.csv:第206行:同名的资源文件已经存在:30_SHADOW_KETSU-TOUCH
警告Lv0:30.csv:第207行:同名的资源文件已经存在:30_SHADOW_LICK
警告Lv0:30.csv:第208行:同名的资源文件已经存在:30_SHADOW_LIFT
警告Lv0:30.csv:第209行:同名的资源文件已经存在:30_SHADOW_PENIS
警告Lv0:30.csv:第210行:同名的资源文件已经存在:30_SHADOW_SPANK
警告Lv0:30.csv:第211行:同名的资源文件已经存在:30_SHADOW_SPANK-INST
警告Lv0:30.csv:第215行:同名的资源文件已经存在:30_PANTS_HARNESS
警告Lv0:30.csv:第216行:同名的资源文件已经存在:30_PANTS_NUDE_TYPE0_SHIFT
警告Lv0:30.csv:第217行:同名的资源文件已经存在:30_PANTS_NUDE_TYPE0_NORMAL
警告Lv0:30.csv:第218行:同名的资源文件已经存在:30_PANTS_WEAR_TYPE0_SHIFT
警告Lv0:30.csv:第219行:同名的资源文件已经存在:30_PANTS_WEAR_TYPE0_NORMAL
警告Lv0:30.csv:第220行:同名的资源文件已经存在:30_PANTS_NUDE_TYPE1_NORMAL
警告Lv0:30.csv:第221行:同名的资源文件已经存在:30_PANTS_WEAR_TYPE1_NORMAL
警告Lv0:30.csv:第222行:同名的资源文件已经存在:30_PANTS_COMMON_TYPE1_SHIFT
警告Lv0:30.csv:第226行:同名的资源文件已经存在:30_PANTS_NUDE_TYPE3_NORMAL
警告Lv0:30.csv:第227行:同名的资源文件已经存在:30_PANTS_NUDE_TYPE3_SHIFT
警告Lv0:30.csv:第228行:同名的资源文件已经存在:30_PANTS_WEAR_TYPE3_NORMAL
警告Lv0:30.csv:第229行:同名的资源文件已经存在:30_PANTS_WEAR_TYPE3_SHIFT
警告Lv0:30.csv:第230行:同名的资源文件已经存在:30_PANTS_NUDE_TYPE4_NORMAL
警告Lv0:30.csv:第231行:同名的资源文件已经存在:30_PANTS_NUDE_TYPE4_SHIFT
警告Lv0:30.csv:第232行:同名的资源文件已经存在:30_PANTS_WEAR_TYPE4_NORMAL
警告Lv0:30.csv:第233行:同名的资源文件已经存在:30_PANTS_WEAR_TYPE4_SHIFT
警告Lv0:30.csv:第234行:同名的资源文件已经存在:30_PANTS_NUDE_TYPE5_NORMAL
警告Lv0:30.csv:第235行:同名的资源文件已经存在:30_PANTS_NUDE_TYPE5_SHIFT
警告Lv0:30.csv:第236行:同名的资源文件已经存在:30_PANTS_WEAR_TYPE5_NORMAL
警告Lv0:30.csv:第237行:同名的资源文件已经存在:30_PANTS_WEAR_TYPE5_SHIFT
警告Lv0:30.csv:第238行:同名的资源文件已经存在:30_PANTS_NUDE_TYPE6_NORMAL
警告Lv0:30.csv:第239行:同名的资源文件已经存在:30_PANTS_NUDE_TYPE6_SHIFT
警告Lv0:30.csv:第240行:同名的资源文件已经存在:30_PANTS_WEAR_TYPE6_NORMAL
警告Lv0:30.csv:第241行:同名的资源文件已经存在:30_PANTS_WEAR_TYPE6_SHIFT
警告Lv0:30.csv:第242行:同名的资源文件已经存在:30_PANTS_NUDE_TYPE7_NORMAL
警告Lv0:30.csv:第243行:同名的资源文件已经存在:30_PANTS_NUDE_TYPE7_SHIFT
警告Lv0:30.csv:第244行:同名的资源文件已经存在:30_PANTS_WEAR_TYPE7_NORMAL
警告Lv0:30.csv:第245行:同名的资源文件已经存在:30_PANTS_WEAR_TYPE7_SHIFT
警告Lv0:30.csv:第246行:同名的资源文件已经存在:30_PANTS_NUDE_VIBE_TYPE7_SHIFT
警告Lv0:30.csv:第247行:同名的资源文件已经存在:30_PANTS_WEAR_VIBE_TYPE7_SHIFT
警告Lv0:30.csv:第248行:同名的资源文件已经存在:30_PANTS_NUDE_TYPE8_NORMAL
警告Lv0:30.csv:第249行:同名的资源文件已经存在:30_PANTS_WEAR_TYPE8_NORMAL
警告Lv0:30.csv:第250行:同名的资源文件已经存在:30_PANTS_COMMON_TYPE8_SHIFT
警告Lv0:30.csv:第251行:同名的资源文件已经存在:30_PANTS_NUDE_TYPE9
警告Lv0:30.csv:第252行:同名的资源文件已经存在:30_PANTS_WEAR_TYPE9
警告Lv0:30.csv:第253行:同名的资源文件已经存在:30_PANTS_NUDE_VIBE_TYPE9
警告Lv0:30.csv:第254行:同名的资源文件已经存在:30_PANTS_WEAR_VIBE_TYPE9
警告Lv0:別顔詰め合わせ.csv:第5行:同名的资源文件已经存在:別顔2_服_通常_15
警告Lv0:別顔詰め合わせ.csv:第16行:同名的资源文件已经存在:別顔2_裸_通常_15
警告Lv0:別顔詰め合わせ.csv:第27行:同名的资源文件已经存在:別顔2_服_バニー_通常_15
警告Lv0:別顔詰め合わせ.csv:第41行:同名的资源文件已经存在:別顔2_裸_通常_17
警告Lv0:別顔詰め合わせ.csv:第42行:同名的资源文件已经存在:別顔2_裸_笑顔_17
警告Lv0:別顔詰め合わせ.csv:第43行:同名的资源文件已经存在:別顔2_裸_憤怒_17
警告Lv0:別顔詰め合わせ.csv:第44行:同名的资源文件已经存在:別顔2_裸_発情_17
警告Lv0:別顔詰め合わせ.csv:第45行:同名的资源文件已经存在:別顔2_裸_自慰_17
警告Lv0:別顔詰め合わせ.csv:第46行:同名的资源文件已经存在:別顔2_裸_愛撫_17
警告Lv0:別顔詰め合わせ.csv:第47行:同名的资源文件已经存在:別顔2_裸_トロ顔_17
警告Lv0:別顔詰め合わせ.csv:第48行:同名的资源文件已经存在:別顔2_裸_イキ顔_17
警告Lv0:別顔詰め合わせ.csv:第50行:同名的资源文件已经存在:別顔2_服_通常_17
警告Lv0:別顔詰め合わせ.csv:第51行:同名的资源文件已经存在:別顔2_服_笑顔_17
警告Lv0:別顔詰め合わせ.csv:第52行:同名的资源文件已经存在:別顔2_服_憤怒_17
警告Lv0:別顔詰め合わせ.csv:第53行:同名的资源文件已经存在:別顔2_服_発情_17
警告Lv0:別顔詰め合わせ.csv:第54行:同名的资源文件已经存在:別顔2_服_自慰_17
警告Lv0:別顔詰め合わせ.csv:第55行:同名的资源文件已经存在:別顔2_服_愛撫_17
警告Lv0:別顔詰め合わせ.csv:第56行:同名的资源文件已经存在:別顔2_服_トロ顔_17
警告Lv0:別顔詰め合わせ.csv:第57行:同名的资源文件已经存在:別顔2_服_イキ顔_17
警告Lv0:別顔詰め合わせ.csv:第74行:同名的资源文件已经存在:別顔_服_通常_25
警告Lv0:別顔詰め合わせ.csv:第75行:同名的资源文件已经存在:別顔_裸_通常_25
警告Lv0:別顔詰め合わせ.csv:第76行:同名的资源文件已经存在:25別顔_表情笑顔
警告Lv0:別顔詰め合わせ.csv:第77行:同名的资源文件已经存在:25別顔_表情憤怒
警告Lv0:別顔詰め合わせ.csv:第78行:同名的资源文件已经存在:25別顔_表情発情
警告Lv0:別顔詰め合わせ.csv:第79行:同名的资源文件已经存在:25別顔_表情トロ顔
警告Lv0:別顔詰め合わせ.csv:第80行:同名的资源文件已经存在:25別顔_表情イキ顔
警告Lv0:別顔詰め合わせ.csv:第85行:同名的资源文件已经存在:別顔_服_通常_32
警告Lv0:別顔詰め合わせ.csv:第86行:同名的资源文件已经存在:別顔_服_笑顔_32
警告Lv0:別顔詰め合わせ.csv:第87行:同名的资源文件已经存在:別顔_服_憤怒_32
警告Lv0:別顔詰め合わせ.csv:第88行:同名的资源文件已经存在:別顔_服_発情_32
警告Lv0:別顔詰め合わせ.csv:第89行:同名的资源文件已经存在:別顔_服_自慰_32
警告Lv0:別顔詰め合わせ.csv:第90行:同名的资源文件已经存在:別顔_服_トロ顔_32
警告Lv0:別顔詰め合わせ.csv:第91行:同名的资源文件已经存在:別顔_服_イキ顔_32
警告Lv0:別顔詰め合わせ.csv:第93行:同名的资源文件已经存在:別顔_裸_通常_32
警告Lv0:別顔詰め合わせ.csv:第94行:同名的资源文件已经存在:別顔_裸_笑顔_32
警告Lv0:別顔詰め合わせ.csv:第95行:同名的资源文件已经存在:別顔_裸_憤怒_32
警告Lv0:別顔詰め合わせ.csv:第96行:同名的资源文件已经存在:別顔_裸_発情_32
警告Lv0:別顔詰め合わせ.csv:第97行:同名的资源文件已经存在:別顔_裸_自慰_32
警告Lv0:別顔詰め合わせ.csv:第98行:同名的资源文件已经存在:別顔_裸_トロ顔_32
警告Lv0:別顔詰め合わせ.csv:第99行:同名的资源文件已经存在:別顔_裸_イキ顔_32
警告Lv0:別顔詰め合わせ.csv:第105行:同名的资源文件已经存在:別顔_裸_通常_37
警告Lv0:別顔詰め合わせ.csv:第106行:同名的资源文件已经存在:別顔_裸_笑顔_37
警告Lv0:別顔詰め合わせ.csv:第107行:同名的资源文件已经存在:別顔_裸_憤怒_37
警告Lv0:別顔詰め合わせ.csv:第108行:同名的资源文件已经存在:別顔_裸_発情_37
警告Lv0:別顔詰め合わせ.csv:第109行:同名的资源文件已经存在:別顔_裸_自慰_37
警告Lv0:別顔詰め合わせ.csv:第110行:同名的资源文件已经存在:別顔_裸_トロ顔_37
警告Lv0:別顔詰め合わせ.csv:第111行:同名的资源文件已经存在:別顔_裸_イキ顔_37
警告Lv0:別顔詰め合わせ.csv:第113行:同名的资源文件已经存在:別顔_服_通常_37
警告Lv0:別顔詰め合わせ.csv:第114行:同名的资源文件已经存在:別顔_服_笑顔_37
警告Lv0:別顔詰め合わせ.csv:第115行:同名的资源文件已经存在:別顔_服_憤怒_37
警告Lv0:別顔詰め合わせ.csv:第116行:同名的资源文件已经存在:別顔_服_発情_37
警告Lv0:別顔詰め合わせ.csv:第117行:同名的资源文件已经存在:別顔_服_自慰_37
警告Lv0:別顔詰め合わせ.csv:第118行:同名的资源文件已经存在:別顔_服_トロ顔_37
警告Lv0:別顔詰め合わせ.csv:第119行:同名的资源文件已经存在:別顔_服_イキ顔_37
警告Lv0:別顔詰め合わせ.csv:第126行:同名的资源文件已经存在:別顔_裸_通常_43
警告Lv0:別顔詰め合わせ.csv:第127行:同名的资源文件已经存在:別顔_裸_笑顔_43
警告Lv0:別顔詰め合わせ.csv:第128行:同名的资源文件已经存在:別顔_裸_憤怒_43
警告Lv0:別顔詰め合わせ.csv:第129行:同名的资源文件已经存在:別顔_裸_発情_43
警告Lv0:別顔詰め合わせ.csv:第130行:同名的资源文件已经存在:別顔_裸_トロ顔_43
警告Lv0:別顔詰め合わせ.csv:第131行:同名的资源文件已经存在:別顔_裸_イキ顔_43
警告Lv0:別顔詰め合わせ.csv:第133行:同名的资源文件已经存在:別顔_服_通常_43
警告Lv0:別顔詰め合わせ.csv:第134行:同名的资源文件已经存在:別顔_服_笑顔_43
警告Lv0:別顔詰め合わせ.csv:第135行:同名的资源文件已经存在:別顔_服_憤怒_43
警告Lv0:別顔詰め合わせ.csv:第136行:同名的资源文件已经存在:別顔_服_発情_43
警告Lv0:別顔詰め合わせ.csv:第137行:同名的资源文件已经存在:別顔_服_トロ顔_43
警告Lv0:別顔詰め合わせ.csv:第138行:同名的资源文件已经存在:別顔_服_イキ顔_43
警告Lv0:別顔詰め合わせ.csv:第144行:同名的资源文件已经存在:別顔_裸_通常_50
警告Lv0:別顔詰め合わせ.csv:第145行:同名的资源文件已经存在:別顔_裸_笑顔_50
警告Lv0:別顔詰め合わせ.csv:第146行:同名的资源文件已经存在:別顔_裸_憤怒_50
警告Lv0:別顔詰め合わせ.csv:第147行:同名的资源文件已经存在:別顔_裸_発情_50
警告Lv0:別顔詰め合わせ.csv:第148行:同名的资源文件已经存在:別顔_裸_自慰_50
警告Lv0:別顔詰め合わせ.csv:第149行:同名的资源文件已经存在:別顔_裸_トロ顔_50
警告Lv0:別顔詰め合わせ.csv:第150行:同名的资源文件已经存在:別顔_裸_イキ顔_50
警告Lv0:別顔詰め合わせ.csv:第151行:同名的资源文件已经存在:別顔_裸_虚無A_50
警告Lv0:別顔詰め合わせ.csv:第152行:同名的资源文件已经存在:別顔_裸_虚無B_50
警告Lv0:別顔詰め合わせ.csv:第154行:同名的资源文件已经存在:別顔_服_通常_50
警告Lv0:別顔詰め合わせ.csv:第155行:同名的资源文件已经存在:別顔_服_笑顔_50
警告Lv0:別顔詰め合わせ.csv:第156行:同名的资源文件已经存在:別顔_服_憤怒_50
警告Lv0:別顔詰め合わせ.csv:第157行:同名的资源文件已经存在:別顔_服_発情_50
警告Lv0:別顔詰め合わせ.csv:第158行:同名的资源文件已经存在:別顔_服_自慰_50
警告Lv0:別顔詰め合わせ.csv:第159行:同名的资源文件已经存在:別顔_服_トロ顔_50
警告Lv0:別顔詰め合わせ.csv:第160行:同名的资源文件已经存在:別顔_服_イキ顔_50
警告Lv0:別顔詰め合わせ.csv:第161行:同名的资源文件已经存在:別顔_服_虚無A_50
警告Lv0:別顔詰め合わせ.csv:第162行:同名的资源文件已经存在:別顔_服_虚無B_50
警告Lv0:別顔詰め合わせ.csv:第167行:同名的资源文件已经存在:別顔_裸_通常_54
警告Lv0:別顔詰め合わせ.csv:第168行:同名的资源文件已经存在:別顔_裸_笑顔_54
警告Lv0:別顔詰め合わせ.csv:第169行:同名的资源文件已经存在:別顔_裸_憤怒_54
警告Lv0:別顔詰め合わせ.csv:第170行:同名的资源文件已经存在:別顔_裸_自慰_54
警告Lv0:別顔詰め合わせ.csv:第171行:同名的资源文件已经存在:別顔_裸_イキ顔_54
警告Lv0:別顔詰め合わせ.csv:第172行:同名的资源文件已经存在:別顔_裸_発情_54
警告Lv0:別顔詰め合わせ.csv:第173行:同名的资源文件已经存在:別顔_裸_トロ顔_54
警告Lv0:別顔詰め合わせ.csv:第175行:同名的资源文件已经存在:別顔_服_通常_54
警告Lv0:別顔詰め合わせ.csv:第176行:同名的资源文件已经存在:別顔_服_笑顔_54
警告Lv0:別顔詰め合わせ.csv:第177行:同名的资源文件已经存在:別顔_服_憤怒_54
警告Lv0:別顔詰め合わせ.csv:第178行:同名的资源文件已经存在:別顔_服_自慰_54
警告Lv0:別顔詰め合わせ.csv:第179行:同名的资源文件已经存在:別顔_服_イキ顔_54
警告Lv0:別顔詰め合わせ.csv:第180行:同名的资源文件已经存在:別顔_服_発情_54
警告Lv0:別顔詰め合わせ.csv:第181行:同名的资源文件已经存在:別顔_服_トロ顔_54
警告Lv0:別顔詰め合わせ.csv:第198行:同名的资源文件已经存在:別顔_服_通常_70
警告Lv0:別顔詰め合わせ.csv:第199行:同名的资源文件已经存在:別顔_裸_通常_70
警告Lv0:別顔詰め合わせ.csv:第200行:同名的资源文件已经存在:70別顔_表情笑顔
警告Lv0:別顔詰め合わせ.csv:第201行:同名的资源文件已经存在:70別顔_表情憤怒
警告Lv0:別顔詰め合わせ.csv:第202行:同名的资源文件已经存在:70別顔_表情発情
警告Lv0:別顔詰め合わせ.csv:第203行:同名的资源文件已经存在:70別顔_表情トロ顔
警告Lv0:別顔詰め合わせ.csv:第204行:同名的资源文件已经存在:70別顔_表情イキ顔
警告Lv0:別顔詰め合わせ.csv:第209行:同名的资源文件已经存在:別顔_裸_通常_73
警告Lv0:別顔詰め合わせ.csv:第210行:同名的资源文件已经存在:別顔_裸_笑顔_73
警告Lv0:別顔詰め合わせ.csv:第211行:同名的资源文件已经存在:別顔_裸_憤怒_73
警告Lv0:別顔詰め合わせ.csv:第212行:同名的资源文件已经存在:別顔_裸_発情_73
警告Lv0:別顔詰め合わせ.csv:第213行:同名的资源文件已经存在:別顔_裸_自慰_73
警告Lv0:別顔詰め合わせ.csv:第214行:同名的资源文件已经存在:別顔_裸_トロ顔_73
警告Lv0:別顔詰め合わせ.csv:第215行:同名的资源文件已经存在:別顔_裸_イキ顔_73
警告Lv0:別顔詰め合わせ.csv:第217行:同名的资源文件已经存在:別顔_服_通常_73
警告Lv0:別顔詰め合わせ.csv:第218行:同名的资源文件已经存在:別顔_服_笑顔_73
警告Lv0:別顔詰め合わせ.csv:第219行:同名的资源文件已经存在:別顔_服_憤怒_73
警告Lv0:別顔詰め合わせ.csv:第220行:同名的资源文件已经存在:別顔_服_発情_73
警告Lv0:別顔詰め合わせ.csv:第221行:同名的资源文件已经存在:別顔_服_自慰_73
警告Lv0:別顔詰め合わせ.csv:第222行:同名的资源文件已经存在:別顔_服_トロ顔_73
警告Lv0:別顔詰め合わせ.csv:第223行:同名的资源文件已经存在:別顔_服_イキ顔_73
警告Lv0:別顔詰め合わせ.csv:第241行:同名的资源文件已经存在:別顔_服_通常_74
警告Lv0:別顔詰め合わせ.csv:第242行:同名的资源文件已经存在:別顔_裸_通常_74
警告Lv0:別顔詰め合わせ.csv:第243行:同名的资源文件已经存在:74別顔_表情笑顔
警告Lv0:別顔詰め合わせ.csv:第244行:同名的资源文件已经存在:74別顔_表情憤怒
警告Lv0:別顔詰め合わせ.csv:第245行:同名的资源文件已经存在:74別顔_表情発情
警告Lv0:別顔詰め合わせ.csv:第246行:同名的资源文件已经存在:74別顔_表情トロ顔
警告Lv0:別顔詰め合わせ.csv:第247行:同名的资源文件已经存在:74別顔_表情イキ顔
警告Lv0:別顔詰め合わせ.csv:第252行:同名的资源文件已经存在:別顔_裸_通常_94
警告Lv0:別顔詰め合わせ.csv:第253行:同名的资源文件已经存在:別顔_裸_笑顔_94
警告Lv0:別顔詰め合わせ.csv:第254行:同名的资源文件已经存在:別顔_裸_憤怒_94
警告Lv0:別顔詰め合わせ.csv:第255行:同名的资源文件已经存在:別顔_裸_発情_94
警告Lv0:別顔詰め合わせ.csv:第256行:同名的资源文件已经存在:別顔_裸_トロ顔_94
警告Lv0:別顔詰め合わせ.csv:第257行:同名的资源文件已经存在:別顔_裸_イキ顔_94
警告Lv0:別顔詰め合わせ.csv:第259行:同名的资源文件已经存在:別顔_服_通常_94
警告Lv0:別顔詰め合わせ.csv:第260行:同名的资源文件已经存在:別顔_服_笑顔_94
警告Lv0:別顔詰め合わせ.csv:第261行:同名的资源文件已经存在:別顔_服_憤怒_94
警告Lv0:別顔詰め合わせ.csv:第262行:同名的资源文件已经存在:別顔_服_発情_94
警告Lv0:別顔詰め合わせ.csv:第263行:同名的资源文件已经存在:別顔_服_トロ顔_94
警告Lv0:別顔詰め合わせ.csv:第264行:同名的资源文件已经存在:別顔_服_イキ顔_94
警告Lv0:別顔詰め合わせ.csv:第270行:同名的资源文件已经存在:別顔_裸_通常_96
警告Lv0:別顔詰め合わせ.csv:第278行:同名的资源文件已经存在:別顔_服_通常_96
警告Lv0:別顔詰め合わせ.csv:第301行:同名的资源文件已经存在:別顔_服_通常_99
警告Lv0:別顔詰め合わせ.csv:第302行:同名的资源文件已经存在:別顔_裸_通常_99
警告Lv0:別顔詰め合わせ.csv:第303行:同名的资源文件已经存在:99別顔_表情笑顔
警告Lv0:別顔詰め合わせ.csv:第304行:同名的资源文件已经存在:99別顔_表情憤怒
警告Lv0:別顔詰め合わせ.csv:第305行:同名的资源文件已经存在:99別顔_表情発情
警告Lv0:別顔詰め合わせ.csv:第306行:同名的资源文件已经存在:99別顔_表情トロ顔
警告Lv0:別顔詰め合わせ.csv:第307行:同名的资源文件已经存在:99別顔_表情イキ顔
警告Lv0:別顔詰め合わせ.csv:第313行:同名的资源文件已经存在:別顔_服_通常_102
警告Lv0:別顔詰め合わせ.csv:第314行:同名的资源文件已经存在:別顔_裸_通常_102
警告Lv0:別顔詰め合わせ.csv:第315行:同名的资源文件已经存在:102別顔_表情笑顔
警告Lv0:別顔詰め合わせ.csv:第316行:同名的资源文件已经存在:102別顔_表情憤怒
警告Lv0:別顔詰め合わせ.csv:第317行:同名的资源文件已经存在:102別顔_表情発情
警告Lv0:別顔詰め合わせ.csv:第318行:同名的资源文件已经存在:102別顔_表情トロ顔
警告Lv0:別顔詰め合わせ.csv:第319行:同名的资源文件已经存在:102別顔_表情イキ顔
警告Lv0:別顔詰め合わせ.csv:第354行:同名的资源文件已经存在:別顔_服_通常_139
警告Lv0:別顔詰め合わせ.csv:第355行:同名的资源文件已经存在:別顔_裸_通常_139
警告Lv0:別顔詰め合わせ.csv:第356行:同名的资源文件已经存在:別顔_服_バニー_通常_139
警告Lv0:別顔詰め合わせ.csv:第357行:同名的资源文件已经存在:別顔_裸_巨乳拆分_139
警告Lv0:別顔詰め合わせ.csv:第358行:同名的资源文件已经存在:別顔_服_巨乳拆分_139
警告Lv0:別顔詰め合わせ.csv:第359行:同名的资源文件已经存在:別顔_服_バニー_巨乳拆分_139
警告Lv0:別顔詰め合わせ.csv:第361行:同名的资源文件已经存在:139別顔_表情笑顔
警告Lv0:別顔詰め合わせ.csv:第362行:同名的资源文件已经存在:139別顔_表情憤怒
警告Lv0:別顔詰め合わせ.csv:第363行:同名的资源文件已经存在:139別顔_表情発情
警告Lv0:別顔詰め合わせ.csv:第364行:同名的资源文件已经存在:139別顔_表情トロ顔
警告Lv0:別顔詰め合わせ.csv:第365行:同名的资源文件已经存在:139別顔_表情イキ顔
警告Lv0:別顔詰め合わせ.csv:第366行:同名的资源文件已经存在:139別顔_表情半目
警告Lv0:別顔詰め合わせ.csv:第367行:同名的资源文件已经存在:139別顔_表情悪い顔
警告Lv0:日常コマンド.csv:第6行:同名的资源文件已经存在:お腹撫で0
警告Lv0:日常コマンド.csv:第7行:同名的资源文件已经存在:お腹撫で1
警告Lv0:日常コマンド.csv:第8行:同名的资源文件已经存在:お腹撫で2
警告Lv0:日常コマンド.csv:第9行:同名的资源文件已经存在:お腹撫で3
警告Lv0:日常コマンド.csv:第10行:同名的资源文件已经存在:お腹撫で4
警告Lv0:日常コマンド.csv:第11行:同名的资源文件已经存在:お腹撫で5
警告Lv0:日常コマンド.csv:第12行:同名的资源文件已经存在:お腹撫で6
警告Lv0:日常コマンド.csv:第13行:同名的资源文件已经存在:お腹撫で7
警告Lv0:日常コマンド.csv:第14行:同名的资源文件已经存在:お腹撫で8
警告Lv0:日常コマンド.csv:第16行:同名的资源文件已经存在:お腹撫で_妊娠0
警告Lv0:日常コマンド.csv:第17行:同名的资源文件已经存在:お腹撫で_妊娠1
警告Lv0:日常コマンド.csv:第18行:同名的资源文件已经存在:お腹撫で_妊娠2
警告Lv0:日常コマンド.csv:第19行:同名的资源文件已经存在:お腹撫で_妊娠3
警告Lv0:日常コマンド.csv:第20行:同名的资源文件已经存在:お腹撫で_妊娠4
警告Lv0:日常コマンド.csv:第21行:同名的资源文件已经存在:お腹撫で_妊娠5
警告Lv0:日常コマンド.csv:第22行:同名的资源文件已经存在:お腹撫で_妊娠6
警告Lv0:日常コマンド.csv:第23行:同名的资源文件已经存在:お腹撫で_妊娠7
警告Lv0:日常コマンド.csv:第24行:同名的资源文件已经存在:お腹撫で_妊娠8
警告Lv0:日常コマンド.csv:第29行:同名的资源文件已经存在:摸屁股_没穿内裤_0
警告Lv0:日常コマンド.csv:第30行:同名的资源文件已经存在:摸屁股_没穿内裤_1
警告Lv0:日常コマンド.csv:第31行:同名的资源文件已经存在:摸屁股_没穿内裤_2
警告Lv0:日常コマンド.csv:第32行:同名的资源文件已经存在:摸屁股_没穿内裤_3
警告Lv0:日常コマンド.csv:第33行:同名的资源文件已经存在:摸屁股_没穿内裤_4
警告Lv0:日常コマンド.csv:第34行:同名的资源文件已经存在:摸屁股_没穿内裤_5
警告Lv0:日常コマンド.csv:第35行:同名的资源文件已经存在:摸屁股_没穿内裤_6
警告Lv0:日常コマンド.csv:第36行:同名的资源文件已经存在:摸屁股_没穿内裤_7
警告Lv0:日常コマンド.csv:第37行:同名的资源文件已经存在:摸屁股_没穿内裤_8
警告Lv0:日常コマンド.csv:第38行:同名的资源文件已经存在:摸屁股_没穿内裤_9
警告Lv0:日常コマンド.csv:第39行:同名的资源文件已经存在:摸屁股_没穿内裤_10
警告Lv0:日常コマンド.csv:第40行:同名的资源文件已经存在:摸屁股_没穿内裤_11
警告Lv0:日常コマンド.csv:第42行:同名的资源文件已经存在:摸屁股_ドロワ_0
警告Lv0:日常コマンド.csv:第43行:同名的资源文件已经存在:摸屁股_ドロワ_1
警告Lv0:日常コマンド.csv:第44行:同名的资源文件已经存在:摸屁股_ドロワ_2
警告Lv0:日常コマンド.csv:第45行:同名的资源文件已经存在:摸屁股_ドロワ_3
警告Lv0:日常コマンド.csv:第46行:同名的资源文件已经存在:摸屁股_ドロワ_4
警告Lv0:日常コマンド.csv:第47行:同名的资源文件已经存在:摸屁股_ドロワ_5
警告Lv0:日常コマンド.csv:第48行:同名的资源文件已经存在:摸屁股_ドロワ_6
警告Lv0:日常コマンド.csv:第49行:同名的资源文件已经存在:摸屁股_ドロワ_7
警告Lv0:日常コマンド.csv:第50行:同名的资源文件已经存在:摸屁股_ドロワ_8
警告Lv0:日常コマンド.csv:第51行:同名的资源文件已经存在:摸屁股_ドロワ_9
警告Lv0:日常コマンド.csv:第52行:同名的资源文件已经存在:摸屁股_ドロワ_10
警告Lv0:日常コマンド.csv:第53行:同名的资源文件已经存在:摸屁股_ドロワ_11
警告Lv0:日常コマンド.csv:第55行:同名的资源文件已经存在:摸屁股_くまさん_0
警告Lv0:日常コマンド.csv:第56行:同名的资源文件已经存在:摸屁股_くまさん_1
警告Lv0:日常コマンド.csv:第57行:同名的资源文件已经存在:摸屁股_くまさん_2
警告Lv0:日常コマンド.csv:第58行:同名的资源文件已经存在:摸屁股_くまさん_3
警告Lv0:日常コマンド.csv:第59行:同名的资源文件已经存在:摸屁股_くまさん_4
警告Lv0:日常コマンド.csv:第60行:同名的资源文件已经存在:摸屁股_くまさん_5
警告Lv0:日常コマンド.csv:第61行:同名的资源文件已经存在:摸屁股_くまさん_6
警告Lv0:日常コマンド.csv:第62行:同名的资源文件已经存在:摸屁股_くまさん_7
警告Lv0:日常コマンド.csv:第63行:同名的资源文件已经存在:摸屁股_くまさん_8
警告Lv0:日常コマンド.csv:第64行:同名的资源文件已经存在:摸屁股_くまさん_9
警告Lv0:日常コマンド.csv:第65行:同名的资源文件已经存在:摸屁股_くまさん_10
警告Lv0:日常コマンド.csv:第66行:同名的资源文件已经存在:摸屁股_くまさん_11
警告Lv0:日常コマンド.csv:第68行:同名的资源文件已经存在:摸屁股_水玉_0
警告Lv0:日常コマンド.csv:第69行:同名的资源文件已经存在:摸屁股_水玉_1
警告Lv0:日常コマンド.csv:第70行:同名的资源文件已经存在:摸屁股_水玉_2
警告Lv0:日常コマンド.csv:第71行:同名的资源文件已经存在:摸屁股_水玉_3
警告Lv0:日常コマンド.csv:第72行:同名的资源文件已经存在:摸屁股_水玉_4
警告Lv0:日常コマンド.csv:第73行:同名的资源文件已经存在:摸屁股_水玉_5
警告Lv0:日常コマンド.csv:第74行:同名的资源文件已经存在:摸屁股_水玉_6
警告Lv0:日常コマンド.csv:第75行:同名的资源文件已经存在:摸屁股_水玉_7
警告Lv0:日常コマンド.csv:第76行:同名的资源文件已经存在:摸屁股_水玉_8
警告Lv0:日常コマンド.csv:第77行:同名的资源文件已经存在:摸屁股_水玉_9
警告Lv0:日常コマンド.csv:第78行:同名的资源文件已经存在:摸屁股_水玉_10
警告Lv0:日常コマンド.csv:第79行:同名的资源文件已经存在:摸屁股_水玉_11
警告Lv0:日常コマンド.csv:第81行:同名的资源文件已经存在:摸屁股_しましま_0
警告Lv0:日常コマンド.csv:第82行:同名的资源文件已经存在:摸屁股_しましま_1
警告Lv0:日常コマンド.csv:第83行:同名的资源文件已经存在:摸屁股_しましま_2
警告Lv0:日常コマンド.csv:第84行:同名的资源文件已经存在:摸屁股_しましま_3
警告Lv0:日常コマンド.csv:第85行:同名的资源文件已经存在:摸屁股_しましま_4
警告Lv0:日常コマンド.csv:第86行:同名的资源文件已经存在:摸屁股_しましま_5
警告Lv0:日常コマンド.csv:第87行:同名的资源文件已经存在:摸屁股_しましま_6
警告Lv0:日常コマンド.csv:第88行:同名的资源文件已经存在:摸屁股_しましま_7
警告Lv0:日常コマンド.csv:第89行:同名的资源文件已经存在:摸屁股_しましま_8
警告Lv0:日常コマンド.csv:第90行:同名的资源文件已经存在:摸屁股_しましま_9
警告Lv0:日常コマンド.csv:第91行:同名的资源文件已经存在:摸屁股_しましま_10
警告Lv0:日常コマンド.csv:第92行:同名的资源文件已经存在:摸屁股_しましま_11
警告Lv0:日常コマンド.csv:第94行:同名的资源文件已经存在:摸屁股_フリル_0
警告Lv0:日常コマンド.csv:第95行:同名的资源文件已经存在:摸屁股_フリル_1
警告Lv0:日常コマンド.csv:第96行:同名的资源文件已经存在:摸屁股_フリル_2
警告Lv0:日常コマンド.csv:第97行:同名的资源文件已经存在:摸屁股_フリル_3
警告Lv0:日常コマンド.csv:第98行:同名的资源文件已经存在:摸屁股_フリル_4
警告Lv0:日常コマンド.csv:第99行:同名的资源文件已经存在:摸屁股_フリル_5
警告Lv0:日常コマンド.csv:第100行:同名的资源文件已经存在:摸屁股_フリル_6
警告Lv0:日常コマンド.csv:第101行:同名的资源文件已经存在:摸屁股_フリル_7
警告Lv0:日常コマンド.csv:第102行:同名的资源文件已经存在:摸屁股_フリル_8
警告Lv0:日常コマンド.csv:第103行:同名的资源文件已经存在:摸屁股_フリル_9
警告Lv0:日常コマンド.csv:第104行:同名的资源文件已经存在:摸屁股_フリル_10
警告Lv0:日常コマンド.csv:第105行:同名的资源文件已经存在:摸屁股_フリル_11
警告Lv0:日常コマンド.csv:第107行:同名的资源文件已经存在:摸屁股_無地_0
警告Lv0:日常コマンド.csv:第108行:同名的资源文件已经存在:摸屁股_無地_1
警告Lv0:日常コマンド.csv:第109行:同名的资源文件已经存在:摸屁股_無地_2
警告Lv0:日常コマンド.csv:第110行:同名的资源文件已经存在:摸屁股_無地_3
警告Lv0:日常コマンド.csv:第111行:同名的资源文件已经存在:摸屁股_無地_4
警告Lv0:日常コマンド.csv:第112行:同名的资源文件已经存在:摸屁股_無地_5
警告Lv0:日常コマンド.csv:第113行:同名的资源文件已经存在:摸屁股_無地_6
警告Lv0:日常コマンド.csv:第114行:同名的资源文件已经存在:摸屁股_無地_7
警告Lv0:日常コマンド.csv:第115行:同名的资源文件已经存在:摸屁股_無地_8
警告Lv0:日常コマンド.csv:第116行:同名的资源文件已经存在:摸屁股_無地_9
警告Lv0:日常コマンド.csv:第117行:同名的资源文件已经存在:摸屁股_無地_10
警告Lv0:日常コマンド.csv:第118行:同名的资源文件已经存在:摸屁股_無地_11
警告Lv0:日常コマンド.csv:第120行:同名的资源文件已经存在:摸屁股_ローレグ_0
警告Lv0:日常コマンド.csv:第121行:同名的资源文件已经存在:摸屁股_ローレグ_1
警告Lv0:日常コマンド.csv:第122行:同名的资源文件已经存在:摸屁股_ローレグ_2
警告Lv0:日常コマンド.csv:第123行:同名的资源文件已经存在:摸屁股_ローレグ_3
警告Lv0:日常コマンド.csv:第124行:同名的资源文件已经存在:摸屁股_ローレグ_4
警告Lv0:日常コマンド.csv:第125行:同名的资源文件已经存在:摸屁股_ローレグ_5
警告Lv0:日常コマンド.csv:第126行:同名的资源文件已经存在:摸屁股_ローレグ_6
警告Lv0:日常コマンド.csv:第127行:同名的资源文件已经存在:摸屁股_ローレグ_7
警告Lv0:日常コマンド.csv:第128行:同名的资源文件已经存在:摸屁股_ローレグ_8
警告Lv0:日常コマンド.csv:第129行:同名的资源文件已经存在:摸屁股_ローレグ_9
警告Lv0:日常コマンド.csv:第130行:同名的资源文件已经存在:摸屁股_ローレグ_10
警告Lv0:日常コマンド.csv:第131行:同名的资源文件已经存在:摸屁股_ローレグ_11
警告Lv0:日常コマンド.csv:第133行:同名的资源文件已经存在:摸屁股_ローライズ_0
警告Lv0:日常コマンド.csv:第134行:同名的资源文件已经存在:摸屁股_ローライズ_1
警告Lv0:日常コマンド.csv:第135行:同名的资源文件已经存在:摸屁股_ローライズ_2
警告Lv0:日常コマンド.csv:第136行:同名的资源文件已经存在:摸屁股_ローライズ_3
警告Lv0:日常コマンド.csv:第137行:同名的资源文件已经存在:摸屁股_ローライズ_4
警告Lv0:日常コマンド.csv:第138行:同名的资源文件已经存在:摸屁股_ローライズ_5
警告Lv0:日常コマンド.csv:第139行:同名的资源文件已经存在:摸屁股_ローライズ_6
警告Lv0:日常コマンド.csv:第140行:同名的资源文件已经存在:摸屁股_ローライズ_7
警告Lv0:日常コマンド.csv:第141行:同名的资源文件已经存在:摸屁股_ローライズ_8
警告Lv0:日常コマンド.csv:第142行:同名的资源文件已经存在:摸屁股_ローライズ_9
警告Lv0:日常コマンド.csv:第143行:同名的资源文件已经存在:摸屁股_ローライズ_10
警告Lv0:日常コマンド.csv:第144行:同名的资源文件已经存在:摸屁股_ローライズ_11
警告Lv0:日常コマンド.csv:第146行:同名的资源文件已经存在:摸屁股_ハイレグ_0
警告Lv0:日常コマンド.csv:第147行:同名的资源文件已经存在:摸屁股_ハイレグ_1
警告Lv0:日常コマンド.csv:第148行:同名的资源文件已经存在:摸屁股_ハイレグ_2
警告Lv0:日常コマンド.csv:第149行:同名的资源文件已经存在:摸屁股_ハイレグ_3
警告Lv0:日常コマンド.csv:第150行:同名的资源文件已经存在:摸屁股_ハイレグ_4
警告Lv0:日常コマンド.csv:第151行:同名的资源文件已经存在:摸屁股_ハイレグ_5
警告Lv0:日常コマンド.csv:第152行:同名的资源文件已经存在:摸屁股_ハイレグ_6
警告Lv0:日常コマンド.csv:第153行:同名的资源文件已经存在:摸屁股_ハイレグ_7
警告Lv0:日常コマンド.csv:第154行:同名的资源文件已经存在:摸屁股_ハイレグ_8
警告Lv0:日常コマンド.csv:第155行:同名的资源文件已经存在:摸屁股_ハイレグ_9
警告Lv0:日常コマンド.csv:第156行:同名的资源文件已经存在:摸屁股_ハイレグ_10
警告Lv0:日常コマンド.csv:第157行:同名的资源文件已经存在:摸屁股_ハイレグ_11
警告Lv0:日常コマンド.csv:第159行:同名的资源文件已经存在:摸屁股_白レース_0
警告Lv0:日常コマンド.csv:第160行:同名的资源文件已经存在:摸屁股_白レース_1
警告Lv0:日常コマンド.csv:第161行:同名的资源文件已经存在:摸屁股_白レース_2
警告Lv0:日常コマンド.csv:第162行:同名的资源文件已经存在:摸屁股_白レース_3
警告Lv0:日常コマンド.csv:第163行:同名的资源文件已经存在:摸屁股_白レース_4
警告Lv0:日常コマンド.csv:第164行:同名的资源文件已经存在:摸屁股_白レース_5
警告Lv0:日常コマンド.csv:第165行:同名的资源文件已经存在:摸屁股_白レース_6
警告Lv0:日常コマンド.csv:第166行:同名的资源文件已经存在:摸屁股_白レース_7
警告Lv0:日常コマンド.csv:第167行:同名的资源文件已经存在:摸屁股_白レース_8
警告Lv0:日常コマンド.csv:第168行:同名的资源文件已经存在:摸屁股_白レース_9
警告Lv0:日常コマンド.csv:第169行:同名的资源文件已经存在:摸屁股_白レース_10
警告Lv0:日常コマンド.csv:第170行:同名的资源文件已经存在:摸屁股_白レース_11
警告Lv0:日常コマンド.csv:第172行:同名的资源文件已经存在:摸屁股_黒レース_0
警告Lv0:日常コマンド.csv:第173行:同名的资源文件已经存在:摸屁股_黒レース_1
警告Lv0:日常コマンド.csv:第174行:同名的资源文件已经存在:摸屁股_黒レース_2
警告Lv0:日常コマンド.csv:第175行:同名的资源文件已经存在:摸屁股_黒レース_3
警告Lv0:日常コマンド.csv:第176行:同名的资源文件已经存在:摸屁股_黒レース_4
警告Lv0:日常コマンド.csv:第177行:同名的资源文件已经存在:摸屁股_黒レース_5
警告Lv0:日常コマンド.csv:第178行:同名的资源文件已经存在:摸屁股_黒レース_6
警告Lv0:日常コマンド.csv:第179行:同名的资源文件已经存在:摸屁股_黒レース_7
警告Lv0:日常コマンド.csv:第180行:同名的资源文件已经存在:摸屁股_黒レース_8
警告Lv0:日常コマンド.csv:第181行:同名的资源文件已经存在:摸屁股_黒レース_9
警告Lv0:日常コマンド.csv:第182行:同名的资源文件已经存在:摸屁股_黒レース_10
警告Lv0:日常コマンド.csv:第183行:同名的资源文件已经存在:摸屁股_黒レース_11
警告Lv0:日常コマンド.csv:第185行:同名的资源文件已经存在:摸屁股_Tバック_0
警告Lv0:日常コマンド.csv:第186行:同名的资源文件已经存在:摸屁股_Tバック_1
警告Lv0:日常コマンド.csv:第187行:同名的资源文件已经存在:摸屁股_Tバック_2
警告Lv0:日常コマンド.csv:第188行:同名的资源文件已经存在:摸屁股_Tバック_3
警告Lv0:日常コマンド.csv:第189行:同名的资源文件已经存在:摸屁股_Tバック_4
警告Lv0:日常コマンド.csv:第190行:同名的资源文件已经存在:摸屁股_Tバック_5
警告Lv0:日常コマンド.csv:第191行:同名的资源文件已经存在:摸屁股_Tバック_6
警告Lv0:日常コマンド.csv:第192行:同名的资源文件已经存在:摸屁股_Tバック_7
警告Lv0:日常コマンド.csv:第193行:同名的资源文件已经存在:摸屁股_Tバック_8
警告Lv0:日常コマンド.csv:第194行:同名的资源文件已经存在:摸屁股_Tバック_9
警告Lv0:日常コマンド.csv:第195行:同名的资源文件已经存在:摸屁股_Tバック_10
警告Lv0:日常コマンド.csv:第196行:同名的资源文件已经存在:摸屁股_Tバック_11
警告Lv0:日常コマンド.csv:第198行:同名的资源文件已经存在:摸屁股_繩系胖次_0
警告Lv0:日常コマンド.csv:第199行:同名的资源文件已经存在:摸屁股_繩系胖次_1
警告Lv0:日常コマンド.csv:第200行:同名的资源文件已经存在:摸屁股_繩系胖次_2
警告Lv0:日常コマンド.csv:第201行:同名的资源文件已经存在:摸屁股_繩系胖次_3
警告Lv0:日常コマンド.csv:第202行:同名的资源文件已经存在:摸屁股_繩系胖次_4
警告Lv0:日常コマンド.csv:第203行:同名的资源文件已经存在:摸屁股_繩系胖次_5
警告Lv0:日常コマンド.csv:第204行:同名的资源文件已经存在:摸屁股_繩系胖次_6
警告Lv0:日常コマンド.csv:第205行:同名的资源文件已经存在:摸屁股_繩系胖次_7
警告Lv0:日常コマンド.csv:第206行:同名的资源文件已经存在:摸屁股_繩系胖次_8
警告Lv0:日常コマンド.csv:第207行:同名的资源文件已经存在:摸屁股_繩系胖次_9
警告Lv0:日常コマンド.csv:第208行:同名的资源文件已经存在:摸屁股_繩系胖次_10
警告Lv0:日常コマンド.csv:第209行:同名的资源文件已经存在:摸屁股_繩系胖次_11
警告Lv0:日常コマンド.csv:第211行:同名的资源文件已经存在:摸屁股_レザー_0
警告Lv0:日常コマンド.csv:第212行:同名的资源文件已经存在:摸屁股_レザー_1
警告Lv0:日常コマンド.csv:第213行:同名的资源文件已经存在:摸屁股_レザー_2
警告Lv0:日常コマンド.csv:第214行:同名的资源文件已经存在:摸屁股_レザー_3
警告Lv0:日常コマンド.csv:第215行:同名的资源文件已经存在:摸屁股_レザー_4
警告Lv0:日常コマンド.csv:第216行:同名的资源文件已经存在:摸屁股_レザー_5
警告Lv0:日常コマンド.csv:第217行:同名的资源文件已经存在:摸屁股_レザー_6
警告Lv0:日常コマンド.csv:第218行:同名的资源文件已经存在:摸屁股_レザー_7
警告Lv0:日常コマンド.csv:第219行:同名的资源文件已经存在:摸屁股_レザー_8
警告Lv0:日常コマンド.csv:第220行:同名的资源文件已经存在:摸屁股_レザー_9
警告Lv0:日常コマンド.csv:第221行:同名的资源文件已经存在:摸屁股_レザー_10
警告Lv0:日常コマンド.csv:第222行:同名的资源文件已经存在:摸屁股_レザー_11
警告Lv0:日常コマンド.csv:第224行:同名的资源文件已经存在:摸屁股_三角胖次_0
警告Lv0:日常コマンド.csv:第225行:同名的资源文件已经存在:摸屁股_三角胖次_1
警告Lv0:日常コマンド.csv:第226行:同名的资源文件已经存在:摸屁股_三角胖次_2
警告Lv0:日常コマンド.csv:第227行:同名的资源文件已经存在:摸屁股_三角胖次_3
警告Lv0:日常コマンド.csv:第228行:同名的资源文件已经存在:摸屁股_三角胖次_4
警告Lv0:日常コマンド.csv:第229行:同名的资源文件已经存在:摸屁股_三角胖次_5
警告Lv0:日常コマンド.csv:第230行:同名的资源文件已经存在:摸屁股_三角胖次_6
警告Lv0:日常コマンド.csv:第231行:同名的资源文件已经存在:摸屁股_三角胖次_7
警告Lv0:日常コマンド.csv:第232行:同名的资源文件已经存在:摸屁股_三角胖次_8
警告Lv0:日常コマンド.csv:第233行:同名的资源文件已经存在:摸屁股_三角胖次_9
警告Lv0:日常コマンド.csv:第234行:同名的资源文件已经存在:摸屁股_三角胖次_10
警告Lv0:日常コマンド.csv:第235行:同名的资源文件已经存在:摸屁股_三角胖次_11
警告Lv0:日常コマンド.csv:第237行:同名的资源文件已经存在:摸屁股_超短胖次_0
警告Lv0:日常コマンド.csv:第238行:同名的资源文件已经存在:摸屁股_超短胖次_1
警告Lv0:日常コマンド.csv:第239行:同名的资源文件已经存在:摸屁股_超短胖次_2
警告Lv0:日常コマンド.csv:第240行:同名的资源文件已经存在:摸屁股_超短胖次_3
警告Lv0:日常コマンド.csv:第241行:同名的资源文件已经存在:摸屁股_超短胖次_4
警告Lv0:日常コマンド.csv:第242行:同名的资源文件已经存在:摸屁股_超短胖次_5
警告Lv0:日常コマンド.csv:第243行:同名的资源文件已经存在:摸屁股_超短胖次_6
警告Lv0:日常コマンド.csv:第244行:同名的资源文件已经存在:摸屁股_超短胖次_7
警告Lv0:日常コマンド.csv:第245行:同名的资源文件已经存在:摸屁股_超短胖次_8
警告Lv0:日常コマンド.csv:第246行:同名的资源文件已经存在:摸屁股_超短胖次_9
警告Lv0:日常コマンド.csv:第247行:同名的资源文件已经存在:摸屁股_超短胖次_10
警告Lv0:日常コマンド.csv:第248行:同名的资源文件已经存在:摸屁股_超短胖次_11
警告Lv0:日常コマンド.csv:第250行:同名的资源文件已经存在:摸屁股_兜襠布_0
警告Lv0:日常コマンド.csv:第251行:同名的资源文件已经存在:摸屁股_兜襠布_1
警告Lv0:日常コマンド.csv:第252行:同名的资源文件已经存在:摸屁股_兜襠布_2
警告Lv0:日常コマンド.csv:第253行:同名的资源文件已经存在:摸屁股_兜襠布_3
警告Lv0:日常コマンド.csv:第254行:同名的资源文件已经存在:摸屁股_兜襠布_4
警告Lv0:日常コマンド.csv:第255行:同名的资源文件已经存在:摸屁股_兜襠布_5
警告Lv0:日常コマンド.csv:第256行:同名的资源文件已经存在:摸屁股_兜襠布_6
警告Lv0:日常コマンド.csv:第257行:同名的资源文件已经存在:摸屁股_兜襠布_7
警告Lv0:日常コマンド.csv:第258行:同名的资源文件已经存在:摸屁股_兜襠布_8
警告Lv0:日常コマンド.csv:第259行:同名的资源文件已经存在:摸屁股_兜襠布_9
警告Lv0:日常コマンド.csv:第260行:同名的资源文件已经存在:摸屁股_兜襠布_10
警告Lv0:日常コマンド.csv:第261行:同名的资源文件已经存在:摸屁股_兜襠布_11
警告Lv0:日常コマンド.csv:第263行:同名的资源文件已经存在:摸屁股_Gスト戒指_0
警告Lv0:日常コマンド.csv:第264行:同名的资源文件已经存在:摸屁股_Gスト戒指_1
警告Lv0:日常コマンド.csv:第265行:同名的资源文件已经存在:摸屁股_Gスト戒指_2
警告Lv0:日常コマンド.csv:第266行:同名的资源文件已经存在:摸屁股_Gスト戒指_3
警告Lv0:日常コマンド.csv:第267行:同名的资源文件已经存在:摸屁股_Gスト戒指_4
警告Lv0:日常コマンド.csv:第268行:同名的资源文件已经存在:摸屁股_Gスト戒指_5
警告Lv0:日常コマンド.csv:第269行:同名的资源文件已经存在:摸屁股_Gスト戒指_6
警告Lv0:日常コマンド.csv:第270行:同名的资源文件已经存在:摸屁股_Gスト戒指_7
警告Lv0:日常コマンド.csv:第271行:同名的资源文件已经存在:摸屁股_Gスト戒指_8
警告Lv0:日常コマンド.csv:第272行:同名的资源文件已经存在:摸屁股_Gスト戒指_9
警告Lv0:日常コマンド.csv:第273行:同名的资源文件已经存在:摸屁股_Gスト戒指_10
警告Lv0:日常コマンド.csv:第274行:同名的资源文件已经存在:摸屁股_Gスト戒指_11
警告Lv0:日常コマンド.csv:第276行:同名的资源文件已经存在:摸屁股_透明_0
警告Lv0:日常コマンド.csv:第277行:同名的资源文件已经存在:摸屁股_透明_1
警告Lv0:日常コマンド.csv:第278行:同名的资源文件已经存在:摸屁股_透明_2
警告Lv0:日常コマンド.csv:第279行:同名的资源文件已经存在:摸屁股_透明_3
警告Lv0:日常コマンド.csv:第280行:同名的资源文件已经存在:摸屁股_透明_4
警告Lv0:日常コマンド.csv:第281行:同名的资源文件已经存在:摸屁股_透明_5
警告Lv0:日常コマンド.csv:第282行:同名的资源文件已经存在:摸屁股_透明_6
警告Lv0:日常コマンド.csv:第283行:同名的资源文件已经存在:摸屁股_透明_7
警告Lv0:日常コマンド.csv:第284行:同名的资源文件已经存在:摸屁股_透明_8
警告Lv0:日常コマンド.csv:第285行:同名的资源文件已经存在:摸屁股_透明_9
警告Lv0:日常コマンド.csv:第286行:同名的资源文件已经存在:摸屁股_透明_10
警告Lv0:日常コマンド.csv:第287行:同名的资源文件已经存在:摸屁股_透明_11
警告Lv0:日常コマンド.csv:第289行:同名的资源文件已经存在:摸屁股_開放型_0
警告Lv0:日常コマンド.csv:第290行:同名的资源文件已经存在:摸屁股_開放型_1
警告Lv0:日常コマンド.csv:第291行:同名的资源文件已经存在:摸屁股_開放型_2
警告Lv0:日常コマンド.csv:第292行:同名的资源文件已经存在:摸屁股_開放型_3
警告Lv0:日常コマンド.csv:第293行:同名的资源文件已经存在:摸屁股_開放型_4
警告Lv0:日常コマンド.csv:第294行:同名的资源文件已经存在:摸屁股_開放型_5
警告Lv0:日常コマンド.csv:第295行:同名的资源文件已经存在:摸屁股_開放型_6
警告Lv0:日常コマンド.csv:第296行:同名的资源文件已经存在:摸屁股_開放型_7
警告Lv0:日常コマンド.csv:第297行:同名的资源文件已经存在:摸屁股_開放型_8
警告Lv0:日常コマンド.csv:第298行:同名的资源文件已经存在:摸屁股_開放型_9
警告Lv0:日常コマンド.csv:第299行:同名的资源文件已经存在:摸屁股_開放型_10
警告Lv0:日常コマンド.csv:第300行:同名的资源文件已经存在:摸屁股_開放型_11
警告Lv0:日常コマンド.csv:第302行:同名的资源文件已经存在:摸屁股_創口貼_0
警告Lv0:日常コマンド.csv:第303行:同名的资源文件已经存在:摸屁股_創口貼_1
警告Lv0:日常コマンド.csv:第304行:同名的资源文件已经存在:摸屁股_創口貼_2
警告Lv0:日常コマンド.csv:第305行:同名的资源文件已经存在:摸屁股_創口貼_3
警告Lv0:日常コマンド.csv:第306行:同名的资源文件已经存在:摸屁股_創口貼_4
警告Lv0:日常コマンド.csv:第307行:同名的资源文件已经存在:摸屁股_創口貼_5
警告Lv0:日常コマンド.csv:第308行:同名的资源文件已经存在:摸屁股_創口貼_6
警告Lv0:日常コマンド.csv:第309行:同名的资源文件已经存在:摸屁股_創口貼_7
警告Lv0:日常コマンド.csv:第310行:同名的资源文件已经存在:摸屁股_創口貼_8
警告Lv0:日常コマンド.csv:第311行:同名的资源文件已经存在:摸屁股_創口貼_9
警告Lv0:日常コマンド.csv:第312行:同名的资源文件已经存在:摸屁股_創口貼_10
警告Lv0:日常コマンド.csv:第313行:同名的资源文件已经存在:摸屁股_創口貼_11
警告Lv0:日常コマンド.csv:第315行:同名的资源文件已经存在:摸屁股_穴あきドロワ_0
警告Lv0:日常コマンド.csv:第316行:同名的资源文件已经存在:摸屁股_穴あきドロワ_1
警告Lv0:日常コマンド.csv:第317行:同名的资源文件已经存在:摸屁股_穴あきドロワ_2
警告Lv0:日常コマンド.csv:第318行:同名的资源文件已经存在:摸屁股_穴あきドロワ_3
警告Lv0:日常コマンド.csv:第319行:同名的资源文件已经存在:摸屁股_穴あきドロワ_4
警告Lv0:日常コマンド.csv:第320行:同名的资源文件已经存在:摸屁股_穴あきドロワ_5
警告Lv0:日常コマンド.csv:第321行:同名的资源文件已经存在:摸屁股_穴あきドロワ_6
警告Lv0:日常コマンド.csv:第322行:同名的资源文件已经存在:摸屁股_穴あきドロワ_7
警告Lv0:日常コマンド.csv:第323行:同名的资源文件已经存在:摸屁股_穴あきドロワ_8
警告Lv0:日常コマンド.csv:第324行:同名的资源文件已经存在:摸屁股_穴あきドロワ_9
警告Lv0:日常コマンド.csv:第325行:同名的资源文件已经存在:摸屁股_穴あきドロワ_10
警告Lv0:日常コマンド.csv:第326行:同名的资源文件已经存在:摸屁股_穴あきドロワ_11
警告Lv0:日常コマンド.csv:第328行:同名的资源文件已经存在:摸屁股_貞操帯_0
警告Lv0:日常コマンド.csv:第329行:同名的资源文件已经存在:摸屁股_貞操帯_1
警告Lv0:日常コマンド.csv:第330行:同名的资源文件已经存在:摸屁股_貞操帯_2
警告Lv0:日常コマンド.csv:第331行:同名的资源文件已经存在:摸屁股_貞操帯_3
警告Lv0:日常コマンド.csv:第332行:同名的资源文件已经存在:摸屁股_貞操帯_4
警告Lv0:日常コマンド.csv:第333行:同名的资源文件已经存在:摸屁股_貞操帯_5
警告Lv0:日常コマンド.csv:第334行:同名的资源文件已经存在:摸屁股_貞操帯_6
警告Lv0:日常コマンド.csv:第335行:同名的资源文件已经存在:摸屁股_貞操帯_7
警告Lv0:日常コマンド.csv:第336行:同名的资源文件已经存在:摸屁股_貞操帯_8
警告Lv0:日常コマンド.csv:第337行:同名的资源文件已经存在:摸屁股_貞操帯_9
警告Lv0:日常コマンド.csv:第338行:同名的资源文件已经存在:摸屁股_貞操帯_10
警告Lv0:日常コマンド.csv:第339行:同名的资源文件已经存在:摸屁股_貞操帯_11
警告Lv0:日常コマンド.csv:第341行:同名的资源文件已经存在:摸屁股_比基尼_0
警告Lv0:日常コマンド.csv:第342行:同名的资源文件已经存在:摸屁股_比基尼_1
警告Lv0:日常コマンド.csv:第343行:同名的资源文件已经存在:摸屁股_比基尼_2
警告Lv0:日常コマンド.csv:第344行:同名的资源文件已经存在:摸屁股_比基尼_3
警告Lv0:日常コマンド.csv:第345行:同名的资源文件已经存在:摸屁股_比基尼_4
警告Lv0:日常コマンド.csv:第346行:同名的资源文件已经存在:摸屁股_比基尼_5
警告Lv0:日常コマンド.csv:第347行:同名的资源文件已经存在:摸屁股_比基尼_6
警告Lv0:日常コマンド.csv:第348行:同名的资源文件已经存在:摸屁股_比基尼_7
警告Lv0:日常コマンド.csv:第349行:同名的资源文件已经存在:摸屁股_比基尼_8
警告Lv0:日常コマンド.csv:第350行:同名的资源文件已经存在:摸屁股_比基尼_9
警告Lv0:日常コマンド.csv:第351行:同名的资源文件已经存在:摸屁股_比基尼_10
警告Lv0:日常コマンド.csv:第352行:同名的资源文件已经存在:摸屁股_比基尼_11
警告Lv0:日常コマンド.csv:第354行:同名的资源文件已经存在:摸屁股_Mボトム_0
警告Lv0:日常コマンド.csv:第355行:同名的资源文件已经存在:摸屁股_Mボトム_1
警告Lv0:日常コマンド.csv:第356行:同名的资源文件已经存在:摸屁股_Mボトム_2
警告Lv0:日常コマンド.csv:第357行:同名的资源文件已经存在:摸屁股_Mボトム_3
警告Lv0:日常コマンド.csv:第358行:同名的资源文件已经存在:摸屁股_Mボトム_4
警告Lv0:日常コマンド.csv:第359行:同名的资源文件已经存在:摸屁股_Mボトム_5
警告Lv0:日常コマンド.csv:第360行:同名的资源文件已经存在:摸屁股_Mボトム_6
警告Lv0:日常コマンド.csv:第361行:同名的资源文件已经存在:摸屁股_Mボトム_7
警告Lv0:日常コマンド.csv:第362行:同名的资源文件已经存在:摸屁股_Mボトム_8
警告Lv0:日常コマンド.csv:第363行:同名的资源文件已经存在:摸屁股_Mボトム_9
警告Lv0:日常コマンド.csv:第364行:同名的资源文件已经存在:摸屁股_Mボトム_10
警告Lv0:日常コマンド.csv:第365行:同名的资源文件已经存在:摸屁股_Mボトム_11
警告Lv0:日常コマンド.csv:第369行:同名的资源文件已经存在:掀裙子0
警告Lv0:日常コマンド.csv:第370行:同名的资源文件已经存在:掀裙子1
警告Lv0:日常コマンド.csv:第371行:同名的资源文件已经存在:掀裙子2
警告Lv0:日常コマンド.csv:第372行:同名的资源文件已经存在:掀裙子3
警告Lv0:日常コマンド.csv:第373行:同名的资源文件已经存在:掀裙子4
警告Lv0:日常コマンド.csv:第374行:同名的资源文件已经存在:掀裙子5
警告Lv0:日常コマンド.csv:第375行:同名的资源文件已经存在:掀裙子6
警告Lv0:日常コマンド.csv:第376行:同名的资源文件已经存在:掀裙子7
警告Lv0:日常コマンド.csv:第377行:同名的资源文件已经存在:掀裙子8
警告Lv0:日常コマンド.csv:第378行:同名的资源文件已经存在:掀裙子9
警告Lv0:日常コマンド.csv:第379行:同名的资源文件已经存在:掀裙子10
警告Lv0:日常コマンド.csv:第380行:同名的资源文件已经存在:掀裙子11
警告Lv0:日常コマンド.csv:第381行:同名的资源文件已经存在:掀裙子12
警告Lv0:日常コマンド.csv:第382行:同名的资源文件已经存在:掀裙子13
警告Lv0:日常コマンド.csv:第383行:同名的资源文件已经存在:掀裙子14
警告Lv0:日常コマンド.csv:第384行:同名的资源文件已经存在:掀裙子15
警告Lv0:日常コマンド.csv:第385行:同名的资源文件已经存在:掀裙子16
警告Lv0:日常コマンド.csv:第386行:同名的资源文件已经存在:掀裙子17
警告Lv0:日常コマンド.csv:第387行:同名的资源文件已经存在:掀裙子18
警告Lv0:日常コマンド.csv:第388行:同名的资源文件已经存在:掀裙子19
警告Lv0:日常コマンド.csv:第389行:同名的资源文件已经存在:掀裙子20
警告Lv0:日常コマンド.csv:第390行:同名的资源文件已经存在:掀裙子21
警告Lv0:日常コマンド.csv:第391行:同名的资源文件已经存在:掀裙子22
警告Lv0:日常コマンド.csv:第392行:同名的资源文件已经存在:掀裙子23
警告Lv0:日常コマンド.csv:第393行:同名的资源文件已经存在:掀裙子24
警告Lv0:日常コマンド.csv:第394行:同名的资源文件已经存在:掀裙子25
警告Lv0:日常コマンド.csv:第395行:同名的资源文件已经存在:掀裙子26
警告Lv0:resource.csv:第76行:同名的资源文件已经存在:別顔_服_通常_133
警告Lv0:resource.csv:第82行:同名的资源文件已经存在:別顔_裸_通常_133
警告Lv1:DIM.ERH:第34行:変数名"会話"は既にCSV変数の定義に使われており、予期せぬ配列参照を引き起こす場合があります
警告Lv1:DIM.ERH:第36行:変数名"教養"は既にCSV変数の定義に使われており、予期せぬ配列参照を引き起こす場合があります
